<?xml version="1.0" encoding="UTF-8"?>
<!-- Generated by org.testng.reporters.JUnitXMLReporter -->
<testsuite ignored="2" hostname="PNQ1-LHP-N91337" failures="0" tests="2" name="Surefire test" time="126.667" errors="0" timestamp="2025-03-30T23:07:52 IST">
  <testcase classname="org.deepakjagtap.TestCase" name="verifyUserCanAddMultipleItemsInCartAndCheckTotalOfAllCartItemsPriceAndMakeOrder" time="28.018"/>
  <testcase classname="org.deepakjagtap.TestCase" name="verifyUserCanAddMultipleItemsInCartAndCheckTotalOfAllCartItemsPriceAndMakeOrder" time="69.09"/>
  <testcase classname="org.deepakjagtap.BaseTest" name="@BeforeSuite ConfigureAppium" time="0.0">
    <ignored/>
  </testcase> <!-- @BeforeSuite ConfigureAppium -->
  <testcase classname="org.deepakjagtap.BaseTest" name="@AfterSuite tearDownServer" time="0.0">
    <ignored/>
  </testcase> <!-- @AfterSuite tearDownServer -->
</testsuite> <!-- Surefire test -->
