<?xml version="1.0" encoding="UTF-8"?>
<!-- Generated by org.testng.reporters.JUnitXMLReporter -->
<testsuite ignored="4" hostname="PNQ1-LHP-N91337" failures="0" tests="1" name="Default test" time="36.893" errors="0" timestamp="2025-03-27T16:29:49 IST">
  <testcase classname="deepakjagtap.appium.eCommerce_TestCases" name="verifyUserCanAddMultipleItemsInCartAndCheckTotalOfAllCartItemsPriceAndMakeOrder_TC_005" time="21.523"/>
  <testcase classname="deepakjagtap.appium.eCommerce_TestCases" name="verifyUserCanAddProductInCartWithWebDriverWait_TC_004" time="0.0">
    <ignored/>
  </testcase> <!-- verifyUserCanAddProductInCartWithWebDriverWait_TC_004 -->
  <testcase classname="deepakjagtap.appium.eCommerce_TestCases" name="verifyUserCanAddProductInCart_TC_003" time="0.0">
    <ignored/>
  </testcase> <!-- verifyUserCanAddProductInCart_TC_003 -->
  <testcase classname="deepakjagtap.appium.eCommerce_TestCases" name="verifyToastMessagesForErrorValidation_TC_002" time="0.0">
    <ignored/>
  </testcase> <!-- verifyToastMessagesForErrorValidation_TC_002 -->
  <testcase classname="deepakjagtap.appium.eCommerce_TestCases" name="verifyUserCanFillFormAndSucessfullyNavigateToHomePage_TC_001" time="0.0">
    <ignored/>
  </testcase> <!-- verifyUserCanFillFormAndSucessfullyNavigateToHomePage_TC_001 -->
</testsuite> <!-- Default test -->
