<?xml version="1.0" encoding="UTF-8"?>
<!-- Generated by org.testng.reporters.JUnitXMLReporter -->
<testsuite ignored="4" hostname="PNQ1-LHP-N91337" failures="0" tests="2" name="Default test" time="47.129" errors="0" timestamp="2025-03-28T23:01:45 IST">
  <testcase classname="deepakjagtap.appium.eCommerce_Native_And_Hybrid_APP" name="verifyToastMessagesForErrorValidation_TC_002" time="5.648"/>
  <testcase classname="deepakjagtap.appium.eCommerce_Native_And_Hybrid_APP" name="verifyUserCanFillFormAndSucessfullyNavigateToHomePage_TC_001" time="18.42"/>
  <testcase classname="deepakjagtap.appium.eCommerce_Native_And_Hybrid_APP" name="verifyUserCanAddProductInCart_TC_003" time="0.0">
    <ignored/>
  </testcase> <!-- verifyUserCanAddProductInCart_TC_003 -->
  <testcase classname="deepakjagtap.appium.eCommerce_Native_And_Hybrid_APP" name="verifyUserCanHandleNativeAsWellWebApp_HybdridApp" time="0.0">
    <ignored/>
  </testcase> <!-- verifyUserCanHandleNativeAsWellWebApp_HybdridApp -->
  <testcase classname="deepakjagtap.appium.eCommerce_Native_And_Hybrid_APP" name="verifyUserCanAddProductInCartWithWebDriverWait_TC_004" time="0.0">
    <ignored/>
  </testcase> <!-- verifyUserCanAddProductInCartWithWebDriverWait_TC_004 -->
  <testcase classname="deepakjagtap.appium.eCommerce_Native_And_Hybrid_APP" name="verifyUserCanAddMultipleItemsInCartAndCheckTotalOfAllCartItemsPriceAndMakeOrder_TC_005" time="0.0">
    <ignored/>
  </testcase> <!-- verifyUserCanAddMultipleItemsInCartAndCheckTotalOfAllCartItemsPriceAndMakeOrder_TC_005 -->
</testsuite> <!-- Default test -->
