<?xml version="1.0" encoding="UTF-8"?>
<testng-results ignored="0" total="1" passed="1" failed="0" skipped="0">
  <reporter-output>
  </reporter-output>
  <suite started-at="2025-03-28T17:35:32 IST" name="Default suite" finished-at="2025-03-28T17:36:14 IST" duration-ms="41946">
    <groups>
    </groups>
    <test started-at="2025-03-28T17:35:32 IST" name="Default test" finished-at="2025-03-28T17:36:14 IST" duration-ms="41946">
      <class name="org.deepakjagtap.eCommTestCases">
        <test-method is-config="true" signature="ConfigureAppium()[pri:0, instance:org.deepakjagtap.eCommTestCases@54d9d12d]" started-at="2025-03-28T17:35:29 IST" name="ConfigureAppium" finished-at="2025-03-28T17:35:32 IST" duration-ms="3113" status="PASS">
          <reporter-output>
          </reporter-output>
        </test-method> <!-- ConfigureAppium -->
        <test-method is-config="true" signature="driverInstance()[pri:0, instance:org.deepakjagtap.eCommTestCases@54d9d12d]" started-at="2025-03-28T17:35:32 IST" name="driverInstance" finished-at="2025-03-28T17:35:46 IST" duration-ms="13622" status="PASS">
          <reporter-output>
          </reporter-output>
        </test-method> <!-- driverInstance -->
        <test-method signature="verifyUserCanAddMultipleItemsInCartAndCheckTotalOfAllCartItemsPriceAndMakeOrder()[pri:0, instance:org.deepakjagtap.eCommTestCases@54d9d12d]" started-at="2025-03-28T17:35:46 IST" name="verifyUserCanAddMultipleItemsInCartAndCheckTotalOfAllCartItemsPriceAndMakeOrder" finished-at="2025-03-28T17:36:12 IST" duration-ms="26652" status="PASS">
          <reporter-output>
          </reporter-output>
        </test-method> <!-- verifyUserCanAddMultipleItemsInCartAndCheckTotalOfAllCartItemsPriceAndMakeOrder -->
        <test-method is-config="true" signature="tearDown()[pri:0, instance:org.deepakjagtap.eCommTestCases@54d9d12d]" started-at="2025-03-28T17:36:12 IST" name="tearDown" finished-at="2025-03-28T17:36:14 IST" duration-ms="1634" status="PASS">
          <reporter-output>
          </reporter-output>
        </test-method> <!-- tearDown -->
        <test-method is-config="true" signature="tearDownServer()[pri:0, instance:org.deepakjagtap.eCommTestCases@54d9d12d]" started-at="2025-03-28T17:36:14 IST" name="tearDownServer" finished-at="2025-03-28T17:36:14 IST" duration-ms="9" status="PASS">
          <reporter-output>
          </reporter-output>
        </test-method> <!-- tearDownServer -->
      </class> <!-- org.deepakjagtap.eCommTestCases -->
    </test> <!-- Default test -->
  </suite> <!-- Default suite -->
</testng-results>
