<?xml version="1.0" encoding="UTF-8"?>
<testsuite xmlns:xsi="http://www.w3.org/2001/XMLSchema-instance" xsi:noNamespaceSchemaLocation="https://maven.apache.org/surefire/maven-surefire-plugin/xsd/surefire-test-report.xsd" version="3.0.2" name="TestSuite" time="69.761" tests="3" errors="0" skipped="0" failures="1">
  <properties>
[...]
</properties>
  <testcase name="verifyToastMessagesForErrorValidation_TC_002" classname="org.deepakjagtap.eComm_SmokeTestCases" time="4.513">
    <system-out><![CDATA[******************************************
Appium Server Started:true
******************************************
&amp#27;[38;5;112m[Appium]&amp#27;[0m Welcome to Appium v2.17.1
&amp#27;[38;5;112m[Appium]&amp#27;[0m Non-default server args:
&amp#27;[38;5;112m[Appium]&amp#27;[0m { address: &amp#27;[32m'127.0.0.1'&amp#27;[39m }
&amp#27;[38;5;112m[Appium]&amp#27;[0m The autodetected Appium home path: C:\Users\deepak.jagtap
&amp#27;[38;5;112m[Appium]&amp#27;[0m Attempting to load driver uiautomator2...
&amp#27;[38;5;112m[Appium]&amp#27;[0m Requiring driver at C:\Users\deepak.jagtap\node_modules\appium-uiautomator2-driver\build\index.js
&amp#27;[38;5;112m[Appium]&amp#27;[0m AndroidUiautomator2Driver has been successfully loaded in 1.505s
&amp#27;[38;5;112m[Appium]&amp#27;[0m Appium REST http interface listener started on http://127.0.0.1:4723
&amp#27;[38;5;112m[Appium]&amp#27;[0m Available drivers:
&amp#27;[38;5;112m[Appium]&amp#27;[0m   - uiautomator2@4.1.5 (automationName 'UiAutomator2')
&amp#27;[38;5;112m[Appium]&amp#27;[0m No plugins have been installed. Use the "appium plugin" command to install the one(s) you want to use.
]]></system-out>
    <system-err><![CDATA[SLF4J(W): No SLF4J providers were found.
SLF4J(W): Defaulting to no-operation (NOP) logger implementation
SLF4J(W): See https://www.slf4j.org/codes.html#noProviders for further details.
]]></system-err>
  </testcase>
  <testcase name="verifyUserCanAddProductInCart_TC_003" classname="org.deepakjagtap.eComm_SmokeTestCases" time="30.099">
    <failure message="An element could not be located on the page using the given search parameters.&#10;For documentation on this error, please visit: https://www.selenium.dev/documentation/webdriver/troubleshooting/errors#no-such-element-exception&#10;Build info: version: &apos;4.30.0&apos;, revision: &apos;509c7f17cc*&apos;&#10;System info: os.name: &apos;Windows 11&apos;, os.arch: &apos;amd64&apos;, os.version: &apos;10.0&apos;, java.version: &apos;21.0.5&apos;&#10;Driver info: io.appium.java_client.android.AndroidDriver&#10;Command: [14250cea-bf0d-49ae-95a9-e27a010742cc, findElement {using=xpath, value=//android.widget.TextView[@text=&apos;Jordan 6 Rings&apos;]}]&#10;Capabilities {appium:app: C://Users//deepak.jagtap//e..., appium:appActivity: com.androidsample.generalst..., appium:appPackage: com.androidsample.generalstore, appium:automationName: UIAutomator2, appium:chromedriverExecutable: C://Users//deepak.jagtap//D..., appium:databaseEnabled: false, appium:desired: {app: C://Users//deepak.jagtap//e..., automationName: UIAutomator2, chromedriverExecutable: C://Users//deepak.jagtap//D..., deviceName: Pixel 3a, platformName: ANDROID}, appium:deviceApiLevel: 36, appium:deviceManufacturer: Google, appium:deviceModel: sdk_gphone64_x86_64, appium:deviceName: emulator-5554, appium:deviceScreenDensity: 440, appium:deviceScreenSize: 1080x2220, appium:deviceUDID: emulator-5554, appium:javascriptEnabled: true, appium:locationContextEnabled: false, appium:networkConnectionEnabled: true, appium:pixelRatio: 2.75, appium:platformVersion: 16, appium:statBarHeight: 66, appium:takesScreenshot: true, appium:viewportRect: {height: 2154, left: 0, top: 66, width: 1080}, appium:warnings: {}, appium:webStorageEnabled: false, platformName: ANDROID}&#10;Session ID: 14250cea-bf0d-49ae-95a9-e27a010742cc" type="org.openqa.selenium.NoSuchElementException"><![CDATA[org.openqa.selenium.NoSuchElementException: 
An element could not be located on the page using the given search parameters.
For documentation on this error, please visit: https://www.selenium.dev/documentation/webdriver/troubleshooting/errors#no-such-element-exception
Build info: version: '4.30.0', revision: '509c7f17cc*'
System info: os.name: 'Windows 11', os.arch: 'amd64', os.version: '10.0', java.version: '21.0.5'
Driver info: io.appium.java_client.android.AndroidDriver
Command: [14250cea-bf0d-49ae-95a9-e27a010742cc, findElement {using=xpath, value=//android.widget.TextView[@text='Jordan 6 Rings']}]
Capabilities {appium:app: C://Users//deepak.jagtap//e..., appium:appActivity: com.androidsample.generalst..., appium:appPackage: com.androidsample.generalstore, appium:automationName: UIAutomator2, appium:chromedriverExecutable: C://Users//deepak.jagtap//D..., appium:databaseEnabled: false, appium:desired: {app: C://Users//deepak.jagtap//e..., automationName: UIAutomator2, chromedriverExecutable: C://Users//deepak.jagtap//D..., deviceName: Pixel 3a, platformName: ANDROID}, appium:deviceApiLevel: 36, appium:deviceManufacturer: Google, appium:deviceModel: sdk_gphone64_x86_64, appium:deviceName: emulator-5554, appium:deviceScreenDensity: 440, appium:deviceScreenSize: 1080x2220, appium:deviceUDID: emulator-5554, appium:javascriptEnabled: true, appium:locationContextEnabled: false, appium:networkConnectionEnabled: true, appium:pixelRatio: 2.75, appium:platformVersion: 16, appium:statBarHeight: 66, appium:takesScreenshot: true, appium:viewportRect: {height: 2154, left: 0, top: 66, width: 1080}, appium:warnings: {}, appium:webStorageEnabled: false, platformName: ANDROID}
Session ID: 14250cea-bf0d-49ae-95a9-e27a010742cc
	at java.base/jdk.internal.reflect.DirectConstructorHandleAccessor.newInstance(DirectConstructorHandleAccessor.java:62)
	at java.base/java.lang.reflect.Constructor.newInstanceWithCaller(Constructor.java:502)
	at java.base/java.lang.reflect.Constructor.newInstance(Constructor.java:486)
	at org.openqa.selenium.remote.ErrorCodec.decode(ErrorCodec.java:167)
	at org.openqa.selenium.remote.codec.w3c.W3CHttpResponseCodec.decode(W3CHttpResponseCodec.java:138)
	at org.openqa.selenium.remote.codec.w3c.W3CHttpResponseCodec.decode(W3CHttpResponseCodec.java:50)
	at org.openqa.selenium.remote.HttpCommandExecutor.execute(HttpCommandExecutor.java:215)
	at io.appium.java_client.remote.AppiumCommandExecutor.execute(AppiumCommandExecutor.java:243)
	at org.openqa.selenium.remote.RemoteWebDriver.execute(RemoteWebDriver.java:545)
	at org.openqa.selenium.remote.ElementLocation$ElementFinder$2.findElement(ElementLocation.java:165)
	at org.openqa.selenium.remote.ElementLocation.findElement(ElementLocation.java:59)
	at org.openqa.selenium.remote.RemoteWebDriver.findElement(RemoteWebDriver.java:368)
	at org.openqa.selenium.remote.RemoteWebDriver.findElement(RemoteWebDriver.java:362)
	at org.deepakjagtap.eComm_SmokeTestCases.verifyUserCanAddProductInCart_TC_003(eComm_SmokeTestCases.java:70)
	at java.base/jdk.internal.reflect.DirectMethodHandleAccessor.invoke(DirectMethodHandleAccessor.java:103)
	at java.base/java.lang.reflect.Method.invoke(Method.java:580)
	at org.testng.internal.invokers.MethodInvocationHelper.invokeMethod(MethodInvocationHelper.java:141)
	at org.testng.internal.invokers.TestInvoker.invokeMethod(TestInvoker.java:687)
	at org.testng.internal.invokers.TestInvoker.invokeTestMethod(TestInvoker.java:230)
	at org.testng.internal.invokers.MethodRunner.runInSequence(MethodRunner.java:63)
	at org.testng.internal.invokers.TestInvoker$MethodInvocationAgent.invoke(TestInvoker.java:995)
	at org.testng.internal.invokers.TestInvoker.invokeTestMethods(TestInvoker.java:203)
	at org.testng.internal.invokers.TestMethodWorker.invokeTestMethods(TestMethodWorker.java:154)
	at org.testng.internal.invokers.TestMethodWorker.run(TestMethodWorker.java:134)
	at java.base/java.util.ArrayList.forEach(ArrayList.java:1596)
	at org.testng.TestRunner.privateRun(TestRunner.java:741)
	at org.testng.TestRunner.run(TestRunner.java:616)
	at org.testng.SuiteRunner.runTest(SuiteRunner.java:421)
	at org.testng.SuiteRunner.runSequentially(SuiteRunner.java:413)
	at org.testng.SuiteRunner.privateRun(SuiteRunner.java:373)
	at org.testng.SuiteRunner.run(SuiteRunner.java:312)
	at org.testng.SuiteRunnerWorker.runSuite(SuiteRunnerWorker.java:52)
	at org.testng.SuiteRunnerWorker.run(SuiteRunnerWorker.java:95)
	at org.testng.TestNG.runSuitesSequentially(TestNG.java:1274)
	at org.testng.TestNG.runSuitesLocally(TestNG.java:1208)
	at org.testng.TestNG.runSuites(TestNG.java:1112)
	at org.testng.TestNG.run(TestNG.java:1079)
	at org.apache.maven.surefire.testng.TestNGExecutor.run(TestNGExecutor.java:308)
	at org.apache.maven.surefire.testng.TestNGXmlTestSuite.execute(TestNGXmlTestSuite.java:71)
	at org.apache.maven.surefire.testng.TestNGProvider.invoke(TestNGProvider.java:113)
	at org.apache.maven.surefire.booter.ForkedBooter.runSuitesInProcess(ForkedBooter.java:385)
	at org.apache.maven.surefire.booter.ForkedBooter.execute(ForkedBooter.java:162)
	at org.apache.maven.surefire.booter.ForkedBooter.run(ForkedBooter.java:507)
	at org.apache.maven.surefire.booter.ForkedBooter.main(ForkedBooter.java:495)
]]></failure>
    <system-out><![CDATA[&amp#27;[38;5;86m[HTTP]&amp#27;[0m Request idempotency key: 8916278d-2fc3-47b0-bc6a-8f7549a64da1
&amp#27;[38;5;86m[HTTP]&amp#27;[0m &amp#27;[37m-->&amp#27;[39m &amp#27;[37mPOST&amp#27;[39m &amp#27;[37m/session&amp#27;[39m &amp#27;[90m{"capabilities":{"firstMatch":[{"appium:chromedriverExecutable":"C://Users//deepak.jagtap//Downloads//chromedriver-win64 (1)//chromedriver-win64//chromedriver.exe","appium:deviceName":"Pixel 3a","platformName":"ANDROID","appium:automationName":"UIAutomator2","appium:app":"C://Users//deepak.jagtap//eclipse-workspace//appium//src//test//java//resources//General-Store.apk"}]}}&amp#27;[39m
&amp#27;[38;5;185m[AppiumDriver@ebb4]&amp#27;[0m Calling AppiumDriver.createSession() with args: [null,null,{"firstMatch":[{"appium:chromedriverExecutable":"C://Users//deepak.jagtap//Downloads//chromedriver-win64 (1)//chromedriver-win64//chromedriver.exe","appium:deviceName":"Pixel 3a","platformName":"ANDROID","appium:automationName":"UIAutomator2","appium:app":"C://Users//deepak.jagtap//eclipse-workspace//appium//src//test//java//resources//General-Store.apk"}]}]
&amp#27;[38;5;185m[AppiumDriver@ebb4]&amp#27;[0m Event 'newSessionRequested' logged at 1743268661019 (22:47:41 GMT+0530 (India Standard Time))
&amp#27;[38;5;112m[Appium]&amp#27;[0m Attempting to find matching driver for automationName 'UIAutomator2' and platformName 'ANDROID'
&amp#27;[38;5;112m[Appium]&amp#27;[0m The 'uiautomator2' driver was installed and matched caps.
&amp#27;[38;5;112m[Appium]&amp#27;[0m Will require it at C:\Users\deepak.jagtap\node_modules\appium-uiautomator2-driver
&amp#27;[38;5;112m[Appium]&amp#27;[0m Requiring driver at C:\Users\deepak.jagtap\node_modules\appium-uiautomator2-driver\build\index.js
&amp#27;[38;5;185m[AppiumDriver@ebb4]&amp#27;[0m Appium v2.17.1 creating new AndroidUiautomator2Driver (v4.1.5) session
&amp#27;[38;5;185m[AppiumDriver@ebb4]&amp#27;[0m Checking BaseDriver versions for Appium and AndroidUiautomator2Driver
&amp#27;[38;5;185m[AppiumDriver@ebb4]&amp#27;[0m Appium's BaseDriver version is 9.16.4
&amp#27;[38;5;185m[AppiumDriver@ebb4]&amp#27;[0m AndroidUiautomator2Driver's BaseDriver version is 9.16.4
&amp#27;[38;5;-172m[AndroidUiautomator2Driver@d06e]&amp#27;[0m 
&amp#27;[38;5;-172m[AndroidUiautomator2Driver@d06e]&amp#27;[0m Creating session with W3C capabilities: {
  "alwaysMatch": {
    "platformName": "ANDROID",
    "appium:chromedriverExecutable": "C://Users//deepak.jagtap//Downloads//chromedriver-win64 (1)//chromedriver-win64//chromedriver.exe",
    "appium:deviceName": "Pixel 3a",
    "appium:automationName": "UIAutomator2",
    "appium:app": "C://Users//deepak.jagtap//eclipse-workspace//appium//src//test//java//resources//General-Store.apk"
  },
  "firstMatch": [
    {}
  ]
}
&amp#27;[38;5;113m[14250cea]&amp#27;[0m&amp#27;[38;5;-172m[AndroidUiautomator2Driver@d06e]&amp#27;[0m Session created with session id: 14250cea-bf0d-49ae-95a9-e27a010742cc
&amp#27;[38;5;113m[14250cea]&amp#27;[0m&amp#27;[38;5;229m[ADB]&amp#27;[0m Found 3 'build-tools' folders under 'C:\Users\deepak.jagtap\AppData\Local\Android\Sdk' (newest first):
&amp#27;[38;5;113m[14250cea]&amp#27;[0m&amp#27;[38;5;229m[ADB]&amp#27;[0m     C:\Users\deepak.jagtap\AppData\Local\Android\Sdk\build-tools\36.0.0
&amp#27;[38;5;113m[14250cea]&amp#27;[0m&amp#27;[38;5;229m[ADB]&amp#27;[0m     C:\Users\deepak.jagtap\AppData\Local\Android\Sdk\build-tools\35.0.1
&amp#27;[38;5;113m[14250cea]&amp#27;[0m&amp#27;[38;5;229m[ADB]&amp#27;[0m     C:\Users\deepak.jagtap\AppData\Local\Android\Sdk\build-tools\35.0.0
&amp#27;[38;5;113m[14250cea]&amp#27;[0m&amp#27;[38;5;229m[ADB]&amp#27;[0m Using 'adb.exe' from 'C:\Users\deepak.jagtap\AppData\Local\Android\Sdk\platform-tools\adb.exe'
&amp#27;[38;5;113m[14250cea]&amp#27;[0m&amp#27;[38;5;229m[ADB]&amp#27;[0m Running 'C:\Users\deepak.jagtap\AppData\Local\Android\Sdk\platform-tools\adb.exe -P 5037 start-server'
&amp#27;[38;5;113m[14250cea]&amp#27;[0m&amp#27;[38;5;-172m[AndroidUiautomator2Driver@d06e]&amp#27;[0m Retrieving device list
&amp#27;[38;5;113m[14250cea]&amp#27;[0m&amp#27;[38;5;229m[ADB]&amp#27;[0m Trying to find connected Android devices
&amp#27;[38;5;113m[14250cea]&amp#27;[0m&amp#27;[38;5;229m[ADB]&amp#27;[0m Getting connected devices
&amp#27;[38;5;113m[14250cea]&amp#27;[0m&amp#27;[38;5;229m[ADB]&amp#27;[0m Connected devices: [{"udid":"emulator-5554","state":"device"}]
&amp#27;[38;5;113m[14250cea]&amp#27;[0m&amp#27;[38;5;-172m[AndroidUiautomator2Driver@d06e]&amp#27;[0m Using device: emulator-5554
&amp#27;[38;5;113m[14250cea]&amp#27;[0m&amp#27;[38;5;229m[ADB]&amp#27;[0m Using 'adb.exe' from 'C:\Users\deepak.jagtap\AppData\Local\Android\Sdk\platform-tools\adb.exe'
&amp#27;[38;5;113m[14250cea]&amp#27;[0m&amp#27;[38;5;229m[ADB]&amp#27;[0m Running 'C:\Users\deepak.jagtap\AppData\Local\Android\Sdk\platform-tools\adb.exe -P 5037 start-server'
&amp#27;[38;5;113m[14250cea]&amp#27;[0m&amp#27;[38;5;229m[ADB]&amp#27;[0m Setting device id to emulator-5554
&amp#27;[38;5;113m[14250cea]&amp#27;[0m&amp#27;[38;5;123m[BaseDriver]&amp#27;[0m Using local app 'C://Users//deepak.jagtap//eclipse-workspace//appium//src//test//java//resources//General-Store.apk'
&amp#27;[38;5;113m[14250cea]&amp#27;[0m&amp#27;[38;5;-172m[AndroidUiautomator2Driver@d06e]&amp#27;[0m Checking whether app is actually present
&amp#27;[38;5;113m[14250cea]&amp#27;[0m&amp#27;[38;5;229m[ADB]&amp#27;[0m Running 'C:\Users\deepak.jagtap\AppData\Local\Android\Sdk\platform-tools\adb.exe -P 5037 -s emulator-5554 shell getprop ro.build.version.sdk'
&amp#27;[38;5;113m[14250cea]&amp#27;[0m&amp#27;[38;5;229m[ADB]&amp#27;[0m Current device property 'ro.build.version.sdk': 36
&amp#27;[38;5;113m[14250cea]&amp#27;[0m&amp#27;[38;5;229m[ADB]&amp#27;[0m Getting device platform version
&amp#27;[38;5;113m[14250cea]&amp#27;[0m&amp#27;[38;5;229m[ADB]&amp#27;[0m Running 'C:\Users\deepak.jagtap\AppData\Local\Android\Sdk\platform-tools\adb.exe -P 5037 -s emulator-5554 shell getprop ro.build.version.release'
&amp#27;[38;5;113m[14250cea]&amp#27;[0m&amp#27;[38;5;229m[ADB]&amp#27;[0m Current device property 'ro.build.version.release': 16
&amp#27;[38;5;113m[14250cea]&amp#27;[0m&amp#27;[38;5;229m[ADB]&amp#27;[0m Device API level: 36
&amp#27;[38;5;113m[14250cea]&amp#27;[0m&amp#27;[38;5;-172m[AndroidUiautomator2Driver@d06e]&amp#27;[0m Relaxing hidden api policy
&amp#27;[38;5;113m[14250cea]&amp#27;[0m&amp#27;[38;5;229m[ADB]&amp#27;[0m Running 'C:\Users\deepak.jagtap\AppData\Local\Android\Sdk\platform-tools\adb.exe -P 5037 -s emulator-5554 shell 'settings put global hidden_api_policy_pre_p_apps 1;settings put global hidden_api_policy_p_apps 1;settings put global hidden_api_policy 1''
&amp#27;[38;5;113m[14250cea]&amp#27;[0m&amp#27;[38;5;-172m[AndroidUiautomator2Driver@d06e]&amp#27;[0m Parsing package and activity from the 'General-Store.apk' file manifest
&amp#27;[38;5;113m[14250cea]&amp#27;[0m&amp#27;[38;5;229m[ADB]&amp#27;[0m Running 'C:\Users\deepak.jagtap\AppData\Local\Android\Sdk\platform-tools\adb.exe -P 5037 -s emulator-5554 wait-for-device'
&amp#27;[38;5;113m[14250cea]&amp#27;[0m&amp#27;[38;5;229m[ADB]&amp#27;[0m Using 'aapt2.exe' from 'C:\Users\deepak.jagtap\AppData\Local\Android\Sdk\build-tools\36.0.0\aapt2.exe'
&amp#27;[38;5;113m[14250cea]&amp#27;[0m&amp#27;[38;5;229m[ADB]&amp#27;[0m Reading package manifest: 'C:\\Users\\deepak.jagtap\\AppData\\Local\\Android\\Sdk\\build-tools\\36.0.0\\aapt2.exe dump badging C\://Users//deepak.jagtap//eclipse-workspace//appium//src//test//java//resources//General-Store.apk'
&amp#27;[38;5;113m[14250cea]&amp#27;[0m&amp#27;[38;5;229m[ADB]&amp#27;[0m Running 'C:\Users\deepak.jagtap\AppData\Local\Android\Sdk\platform-tools\adb.exe -P 5037 -s emulator-5554 shell echo ping'
&amp#27;[38;5;113m[14250cea]&amp#27;[0m&amp#27;[38;5;229m[ADB]&amp#27;[0m Package name: 'com.androidsample.generalstore'
&amp#27;[38;5;113m[14250cea]&amp#27;[0m&amp#27;[38;5;229m[ADB]&amp#27;[0m Main activity name: 'com.androidsample.generalstore.SplashActivity'
&amp#27;[38;5;113m[14250cea]&amp#27;[0m&amp#27;[38;5;-172m[AndroidUiautomator2Driver@d06e]&amp#27;[0m Resolved launch package -> activity: com.androidsample.generalstore -> com.androidsample.generalstore.SplashActivity
&amp#27;[38;5;113m[14250cea]&amp#27;[0m&amp#27;[38;5;-172m[AndroidUiautomator2Driver@d06e]&amp#27;[0m Resolved wait package -> activity: com.androidsample.generalstore -> com.androidsample.generalstore.SplashActivity
&amp#27;[38;5;113m[14250cea]&amp#27;[0m&amp#27;[38;5;-172m[AndroidUiautomator2Driver@d06e]&amp#27;[0m Pushing settings apk to the device...
&amp#27;[38;5;113m[14250cea]&amp#27;[0m&amp#27;[38;5;229m[ADB]&amp#27;[0m Getting package info for 'io.appium.settings'
&amp#27;[38;5;113m[14250cea]&amp#27;[0m&amp#27;[38;5;229m[ADB]&amp#27;[0m Running 'C:\Users\deepak.jagtap\AppData\Local\Android\Sdk\platform-tools\adb.exe -P 5037 -s emulator-5554 shell dumpsys package io.appium.settings'
&amp#27;[38;5;113m[14250cea]&amp#27;[0m&amp#27;[38;5;229m[ADB]&amp#27;[0m Reading package manifest: 'C:\\Users\\deepak.jagtap\\AppData\\Local\\Android\\Sdk\\build-tools\\36.0.0\\aapt2.exe dump badging C:\\Users\\deepak.jagtap\\node_modules\\appium-uiautomator2-driver\\node_modules\\io.appium.settings\\apks\\settings_apk-debug.apk'
&amp#27;[38;5;113m[14250cea]&amp#27;[0m&amp#27;[38;5;229m[ADB]&amp#27;[0m The version name of the installed 'io.appium.settings' is greater or equal to the application version name ('5.14.4' >= '5.14.4')
&amp#27;[38;5;113m[14250cea]&amp#27;[0m&amp#27;[38;5;229m[ADB]&amp#27;[0m There is no need to install/upgrade 'C:\Users\deepak.jagtap\node_modules\appium-uiautomator2-driver\node_modules\io.appium.settings\apks\settings_apk-debug.apk'
&amp#27;[38;5;113m[14250cea]&amp#27;[0m&amp#27;[38;5;229m[ADB]&amp#27;[0m Running 'C:\Users\deepak.jagtap\AppData\Local\Android\Sdk\platform-tools\adb.exe -P 5037 -s emulator-5554 shell dumpsys activity services io.appium.settings'
&amp#27;[38;5;113m[14250cea]&amp#27;[0m&amp#27;[38;5;-172m[AndroidUiautomator2Driver@d06e]&amp#27;[0m io.appium.settings is already running. There is no need to reset its permissions.
&amp#27;[38;5;113m[14250cea]&amp#27;[0m&amp#27;[38;5;160m[Logcat]&amp#27;[0m Starting logs capture with command: C:\\Users\\deepak.jagtap\\AppData\\Local\\Android\\Sdk\\platform-tools\\adb.exe -P 5037 -s emulator-5554 logcat -v threadtime
&amp#27;[38;5;113m[14250cea]&amp#27;[0m&amp#27;[38;5;-172m[AndroidUiautomator2Driver@d06e]&amp#27;[0m Forwarding UiAutomator2 Server port 6790 to local port 8202
&amp#27;[38;5;113m[14250cea]&amp#27;[0m&amp#27;[38;5;229m[ADB]&amp#27;[0m Forwarding system: 8202 to device: 6790
&amp#27;[38;5;113m[14250cea]&amp#27;[0m&amp#27;[38;5;229m[ADB]&amp#27;[0m Running 'C:\Users\deepak.jagtap\AppData\Local\Android\Sdk\platform-tools\adb.exe -P 5037 -s emulator-5554 forward tcp:8202 tcp:6790'
&amp#27;[38;5;113m[14250cea]&amp#27;[0m&amp#27;[38;5;-172m[AndroidUiautomator2Driver@d06e]&amp#27;[0m UIA2Proxy options: {"server":"127.0.0.1","port":8202,"keepAlive":true,"scheme":"http","base":"","reqBasePath":"","sessionId":null,"timeout":240000}
&amp#27;[38;5;113m[14250cea]&amp#27;[0m&amp#27;[38;5;229m[ADB]&amp#27;[0m Getting package info for 'io.appium.uiautomator2.server'
&amp#27;[38;5;113m[14250cea]&amp#27;[0m&amp#27;[38;5;229m[ADB]&amp#27;[0m Running 'C:\Users\deepak.jagtap\AppData\Local\Android\Sdk\platform-tools\adb.exe -P 5037 -s emulator-5554 shell dumpsys package io.appium.uiautomator2.server'
&amp#27;[38;5;113m[14250cea]&amp#27;[0m&amp#27;[38;5;229m[ADB]&amp#27;[0m Getting install status for io.appium.uiautomator2.server.test
&amp#27;[38;5;113m[14250cea]&amp#27;[0m&amp#27;[38;5;229m[ADB]&amp#27;[0m Checking app cert for C://Users//deepak.jagtap//eclipse-workspace//appium//src//test//java//resources//General-Store.apk
&amp#27;[38;5;113m[14250cea]&amp#27;[0m&amp#27;[38;5;229m[ADB]&amp#27;[0m Running 'C:\Users\deepak.jagtap\AppData\Local\Android\Sdk\platform-tools\adb.exe -P 5037 -s emulator-5554 shell cmd package list packages'
&amp#27;[38;5;113m[14250cea]&amp#27;[0m&amp#27;[38;5;229m[ADB]&amp#27;[0m Using 'apksigner.jar' from 'C:\Users\deepak.jagtap\AppData\Local\Android\Sdk\build-tools\36.0.0\lib\apksigner.jar'
&amp#27;[38;5;113m[14250cea]&amp#27;[0m&amp#27;[38;5;229m[ADB]&amp#27;[0m Starting apksigner: 'C:\\Program Files\\Amazon Corretto\\jdk21.0.5_11\\bin\\java.exe' -Xmx1024M -Xss1m -jar C:\\Users\\deepak.jagtap\\AppData\\Local\\Android\\Sdk\\build-tools\\36.0.0\\lib\\apksigner.jar verify --print-certs C\://Users//deepak.jagtap//eclipse-workspace//appium//src//test//java//resources//General-Store.apk
&amp#27;[38;5;113m[14250cea]&amp#27;[0m&amp#27;[38;5;229m[ADB]&amp#27;[0m Reading package manifest: 'C:\\Users\\deepak.jagtap\\AppData\\Local\\Android\\Sdk\\build-tools\\36.0.0\\aapt2.exe dump badging C:\\Users\\deepak.jagtap\\node_modules\\appium-uiautomator2-driver\\node_modules\\appium-uiautomator2-server\\apks\\appium-uiautomator2-server-v7.3.0.apk'
&amp#27;[38;5;113m[14250cea]&amp#27;[0m&amp#27;[38;5;229m[ADB]&amp#27;[0m 'io.appium.uiautomator2.server.test' is installed
&amp#27;[38;5;113m[14250cea]&amp#27;[0m&amp#27;[38;5;229m[ADB]&amp#27;[0m The version name of the installed 'io.appium.uiautomator2.server' is greater or equal to the application version name ('7.3.0' >= '7.3.0')
&amp#27;[38;5;113m[14250cea]&amp#27;[0m&amp#27;[38;5;-172m[AndroidUiautomator2Driver@d06e]&amp#27;[0m Server packages status: [{"installState":"sameVersionInstalled","appPath":"C:\\Users\\deepak.jagtap\\node_modules\\appium-uiautomator2-driver\\node_modules\\appium-uiautomator2-server\\apks\\appium-uiautomator2-server-v7.3.0.apk","appId":"io.appium.uiautomator2.server"},{"installState":"sameVersionInstalled","appPath":"C:\\Users\\deepak.jagtap\\node_modules\\appium-uiautomator2-driver\\node_modules\\appium-uiautomator2-server\\apks\\appium-uiautomator2-server-debug-androidTest.apk","appId":"io.appium.uiautomator2.server.test"}]
&amp#27;[38;5;113m[14250cea]&amp#27;[0m&amp#27;[38;5;-172m[AndroidUiautomator2Driver@d06e]&amp#27;[0m Server packages are not going to be (re)installed
&amp#27;[38;5;113m[14250cea]&amp#27;[0m&amp#27;[38;5;-172m[AndroidUiautomator2Driver@d06e]&amp#27;[0m Waiting up to 30000ms for services to be available
&amp#27;[38;5;113m[14250cea]&amp#27;[0m&amp#27;[38;5;229m[ADB]&amp#27;[0m Running 'C:\Users\deepak.jagtap\AppData\Local\Android\Sdk\platform-tools\adb.exe -P 5037 -s emulator-5554 shell pm list instrumentation'
&amp#27;[38;5;113m[14250cea]&amp#27;[0m&amp#27;[38;5;-172m[AndroidUiautomator2Driver@d06e]&amp#27;[0m Instrumentation target 'io.appium.uiautomator2.server.test/androidx.test.runner.AndroidJUnitRunner' is available
&amp#27;[38;5;113m[14250cea]&amp#27;[0m&amp#27;[38;5;229m[ADB]&amp#27;[0m Adding packages ["io.appium.settings","io.appium.uiautomator2.server","io.appium.uiautomator2.server.test"] to Doze whitelist
&amp#27;[38;5;113m[14250cea]&amp#27;[0m&amp#27;[38;5;229m[ADB]&amp#27;[0m Got the following command chunks to execute: [["dumpsys","deviceidle","whitelist","+io.appium.settings",";","dumpsys","deviceidle","whitelist","+io.appium.uiautomator2.server",";","dumpsys","deviceidle","whitelist","+io.appium.uiautomator2.server.test",";"]]
&amp#27;[38;5;113m[14250cea]&amp#27;[0m&amp#27;[38;5;229m[ADB]&amp#27;[0m Running 'C:\Users\deepak.jagtap\AppData\Local\Android\Sdk\platform-tools\adb.exe -P 5037 -s emulator-5554 shell dumpsys deviceidle whitelist +io.appium.settings ; dumpsys deviceidle whitelist +io.appium.uiautomator2.server ; dumpsys deviceidle whitelist +io.appium.uiautomator2.server.test ;'
&amp#27;[38;5;113m[14250cea]&amp#27;[0m&amp#27;[38;5;229m[ADB]&amp#27;[0m apksigner stdout: Signer #1 certificate DN: EMAILADDRESS=android@android.com, CN=Android, OU=Android, O=Android, L=Mountain View, ST=California, C=US
Signer #1 certificate SHA-256 digest: a40da80a59d170caa950cf15c18c454d47a39b26989d8b640ecd745ba71bf5dc
Signer #1 certificate SHA-1 digest: 61ed377e85d386a8dfee6b864bd85b0bfaa5af81
Signer #1 certificate MD5 digest: e89b158e4bcf988ebd09eb83f5378e87

&amp#27;[38;5;113m[14250cea]&amp#27;[0m&amp#27;[38;5;229m[ADB]&amp#27;[0m sha256 hash did match for 'General-Store.apk'
&amp#27;[38;5;113m[14250cea]&amp#27;[0m&amp#27;[38;5;229m[ADB]&amp#27;[0m 'C://Users//deepak.jagtap//eclipse-workspace//appium//src//test//java//resources//General-Store.apk' is signed with the default certificate
&amp#27;[38;5;113m[14250cea]&amp#27;[0m&amp#27;[38;5;229m[ADB]&amp#27;[0m Getting package info for 'com.androidsample.generalstore'
&amp#27;[38;5;113m[14250cea]&amp#27;[0m&amp#27;[38;5;229m[ADB]&amp#27;[0m Running 'C:\Users\deepak.jagtap\AppData\Local\Android\Sdk\platform-tools\adb.exe -P 5037 -s emulator-5554 shell dumpsys package com.androidsample.generalstore'
&amp#27;[38;5;113m[14250cea]&amp#27;[0m&amp#27;[38;5;229m[ADB]&amp#27;[0m Reading package manifest: 'C:\\Users\\deepak.jagtap\\AppData\\Local\\Android\\Sdk\\build-tools\\36.0.0\\aapt2.exe dump badging C\://Users//deepak.jagtap//eclipse-workspace//appium//src//test//java//resources//General-Store.apk'
&amp#27;[38;5;113m[14250cea]&amp#27;[0m&amp#27;[38;5;229m[ADB]&amp#27;[0m The version name of the installed 'com.androidsample.generalstore' is greater or equal to the application version name ('1.0.0' >= '1.0.0')
&amp#27;[38;5;113m[14250cea]&amp#27;[0m&amp#27;[38;5;229m[ADB]&amp#27;[0m There is no need to install/upgrade 'C://Users//deepak.jagtap//eclipse-workspace//appium//src//test//java//resources//General-Store.apk'
&amp#27;[38;5;113m[14250cea]&amp#27;[0m&amp#27;[38;5;-172m[AndroidUiautomator2Driver@d06e]&amp#27;[0m Performing fast reset on 'com.androidsample.generalstore'
&amp#27;[38;5;113m[14250cea]&amp#27;[0m&amp#27;[38;5;229m[ADB]&amp#27;[0m Getting install status for com.androidsample.generalstore
&amp#27;[38;5;113m[14250cea]&amp#27;[0m&amp#27;[38;5;229m[ADB]&amp#27;[0m Running 'C:\Users\deepak.jagtap\AppData\Local\Android\Sdk\platform-tools\adb.exe -P 5037 -s emulator-5554 shell cmd package list packages'
&amp#27;[38;5;113m[14250cea]&amp#27;[0m&amp#27;[38;5;229m[ADB]&amp#27;[0m 'com.androidsample.generalstore' is installed
&amp#27;[38;5;113m[14250cea]&amp#27;[0m&amp#27;[38;5;229m[ADB]&amp#27;[0m Running 'C:\Users\deepak.jagtap\AppData\Local\Android\Sdk\platform-tools\adb.exe -P 5037 -s emulator-5554 shell am force-stop com.androidsample.generalstore'
&amp#27;[38;5;113m[14250cea]&amp#27;[0m&amp#27;[38;5;229m[ADB]&amp#27;[0m Running 'C:\Users\deepak.jagtap\AppData\Local\Android\Sdk\platform-tools\adb.exe -P 5037 -s emulator-5554 shell pm clear com.androidsample.generalstore'
&amp#27;[38;5;113m[14250cea]&amp#27;[0m&amp#27;[38;5;-172m[AndroidUiautomator2Driver@d06e]&amp#27;[0m Performed fast reset on the installed 'com.androidsample.generalstore' application (stop and clear)
&amp#27;[38;5;113m[14250cea]&amp#27;[0m&amp#27;[38;5;-172m[AndroidUiautomator2Driver@d06e]&amp#27;[0m Performing shallow cleanup of automation leftovers
&amp#27;[38;5;113m[14250cea]&amp#27;[0m&amp#27;[38;5;-172m[AndroidUiautomator2Driver@d06e]&amp#27;[0m No obsolete sessions have been detected (socket hang up)
&amp#27;[38;5;113m[14250cea]&amp#27;[0m&amp#27;[38;5;229m[ADB]&amp#27;[0m Running 'C:\Users\deepak.jagtap\AppData\Local\Android\Sdk\platform-tools\adb.exe -P 5037 -s emulator-5554 shell am force-stop io.appium.uiautomator2.server'
&amp#27;[38;5;113m[14250cea]&amp#27;[0m&amp#27;[38;5;229m[ADB]&amp#27;[0m Running 'C:\Users\deepak.jagtap\AppData\Local\Android\Sdk\platform-tools\adb.exe -P 5037 -s emulator-5554 shell am force-stop io.appium.uiautomator2.server.test'
&amp#27;[38;5;113m[14250cea]&amp#27;[0m&amp#27;[38;5;-172m[AndroidUiautomator2Driver@d06e]&amp#27;[0m Starting UIAutomator2 server 7.3.0
&amp#27;[38;5;113m[14250cea]&amp#27;[0m&amp#27;[38;5;-172m[AndroidUiautomator2Driver@d06e]&amp#27;[0m Using UIAutomator2 server from 'C:\Users\deepak.jagtap\node_modules\appium-uiautomator2-driver\node_modules\appium-uiautomator2-server\apks\appium-uiautomator2-server-v7.3.0.apk' and test from 'C:\Users\deepak.jagtap\node_modules\appium-uiautomator2-driver\node_modules\appium-uiautomator2-server\apks\appium-uiautomator2-server-debug-androidTest.apk'
&amp#27;[38;5;113m[14250cea]&amp#27;[0m&amp#27;[38;5;-172m[AndroidUiautomator2Driver@d06e]&amp#27;[0m Waiting up to 30000ms for UiAutomator2 to be online...
&amp#27;[38;5;113m[14250cea]&amp#27;[0m&amp#27;[38;5;229m[ADB]&amp#27;[0m Creating ADB subprocess with args: ["-P","5037","-s","emulator-5554","shell","am","instrument","-w","-e","disableAnalytics","true","io.appium.uiautomator2.server.test/androidx.test.runner.AndroidJUnitRunner"]
&amp#27;[38;5;113m[14250cea]&amp#27;[0m&amp#27;[38;5;-172m[AndroidUiautomator2Driver@d06e]&amp#27;[0m Matched '/status' to command name 'getStatus'
&amp#27;[38;5;113m[14250cea]&amp#27;[0m&amp#27;[38;5;-172m[AndroidUiautomator2Driver@d06e]&amp#27;[0m Proxying [GET /status] to [GET http://127.0.0.1:8202/status] with no body
&amp#27;[38;5;113m[14250cea]&amp#27;[0m&amp#27;[38;5;-172m[AndroidUiautomator2Driver@d06e]&amp#27;[0m socket hang up
&amp#27;[38;5;113m[14250cea]&amp#27;[0m&amp#27;[38;5;-172m[AndroidUiautomator2Driver@d06e]&amp#27;[0m [Instrumentation] 
&amp#27;[38;5;113m[14250cea]&amp#27;[0m&amp#27;[38;5;-172m[AndroidUiautomator2Driver@d06e]&amp#27;[0m Matched '/status' to command name 'getStatus'
&amp#27;[38;5;113m[14250cea]&amp#27;[0m&amp#27;[38;5;-172m[AndroidUiautomator2Driver@d06e]&amp#27;[0m Proxying [GET /status] to [GET http://127.0.0.1:8202/status] with no body
&amp#27;[38;5;113m[14250cea]&amp#27;[0m&amp#27;[38;5;-172m[AndroidUiautomator2Driver@d06e]&amp#27;[0m socket hang up
&amp#27;[38;5;113m[14250cea]&amp#27;[0m&amp#27;[38;5;-172m[AndroidUiautomator2Driver@d06e]&amp#27;[0m Matched '/status' to command name 'getStatus'
&amp#27;[38;5;113m[14250cea]&amp#27;[0m&amp#27;[38;5;-172m[AndroidUiautomator2Driver@d06e]&amp#27;[0m Proxying [GET /status] to [GET http://127.0.0.1:8202/status] with no body
&amp#27;[38;5;113m[14250cea]&amp#27;[0m&amp#27;[38;5;-172m[AndroidUiautomator2Driver@d06e]&amp#27;[0m Got response with status 200: {"sessionId":"None","value":{"message":"UiAutomator2 Server is ready to accept commands","ready":true}}
&amp#27;[38;5;113m[14250cea]&amp#27;[0m&amp#27;[38;5;-172m[AndroidUiautomator2Driver@d06e]&amp#27;[0m The initialization of the instrumentation process took 2204ms
&amp#27;[38;5;113m[14250cea]&amp#27;[0m&amp#27;[38;5;-172m[AndroidUiautomator2Driver@d06e]&amp#27;[0m Matched '/session' to command name 'createSession'
&amp#27;[38;5;113m[14250cea]&amp#27;[0m&amp#27;[38;5;-172m[AndroidUiautomator2Driver@d06e]&amp#27;[0m Proxying [POST /session] to [POST http://127.0.0.1:8202/session] with body: {"capabilities":{"firstMatch":[{"platformName":"ANDROID","chromedriverExecutable":"C://Users//deepak.jagtap//Downloads//chromedriver-win64 (1)//chromedriver-win64//chromedriver.exe","deviceName":"emulator-5554","automationName":"UIAutomator2","app":"C://Users//deepak.jagtap//eclipse-workspace//appium//src//test//java//resources//General-Store.apk","platform":"LINUX","webStorageEnabled":false,"takesScreenshot":true,"javascriptEnabled":true,"databaseEnabled":false,"networkConnectionEnabled":true,"locationContextEnabled":false,"warnings":{},"desired":{"platformName":"ANDROID","chromedriverExecutable":"C://Users//deepak.jagtap//Downloads//chromedriver-win64 (1)//chromedriver-win64//chromedriver.exe","deviceName":"Pixel 3a","automationName":"UIAutomator2","app":"C://Users//deepak.jagtap//eclipse-workspace//appium//src//test//java//resources//General-Store.apk"},"deviceUDID":"emulator-5554","appPackage":"com.androidsample.generalstore","appActivity":"com.androidsample.generalstore.SplashActivity"}],"alwaysMatch"...
&amp#27;[38;5;113m[14250cea]&amp#27;[0m&amp#27;[38;5;-172m[AndroidUiautomator2Driver@d06e]&amp#27;[0m Got response with status 200: {"sessionId":"9b1c93d1-3502-4962-96df-af115f97ad96","value":{"capabilities":{"firstMatch":[{"platformName":"ANDROID","chromedriverExecutable":"C://Users//deepak.jagtap//Downloads//chromedriver-win64 (1)//chromedriver-win64//chromedriver.exe","deviceName":"emulator-5554","automationName":"UIAutomator2","app":"C://Users//deepak.jagtap//eclipse-workspace//appium//src//test//java//resources//General-Store.apk","platform":"LINUX","webStorageEnabled":false,"takesScreenshot":true,"javascriptEnabled":true,"databaseEnabled":false,"networkConnectionEnabled":true,"locationContextEnabled":false,"warnings":{},"desired":{"platformName":"ANDROID","chromedriverExecutable":"C://Users//deepak.jagtap//Downloads//chromedriver-win64 (1)//chromedriver-win64//chromedriver.exe","deviceName":"Pixel 3a","automationName":"UIAutomator2","app":"C://Users//deepak.jagtap//eclipse-workspace//appium//src//test//java//resources//General-Store.apk"},"deviceUDID":"emulator-5554","appPackage":"com.androidsample.generalstore","appActivity":"co...
&amp#27;[38;5;113m[14250cea]&amp#27;[0m&amp#27;[38;5;-172m[AndroidUiautomator2Driver@d06e]&amp#27;[0m Determined the downstream protocol as 'W3C'
&amp#27;[38;5;113m[14250cea]&amp#27;[0m&amp#27;[38;5;-172m[AndroidUiautomator2Driver@d06e]&amp#27;[0m Proxying [GET /appium/device/pixel_ratio] to [GET http://127.0.0.1:8202/session/9b1c93d1-3502-4962-96df-af115f97ad96/appium/device/pixel_ratio] with no body
&amp#27;[38;5;113m[14250cea]&amp#27;[0m&amp#27;[38;5;-172m[AndroidUiautomator2Driver@d06e]&amp#27;[0m Matched '/appium/device/system_bars' to command name 'getSystemBars'
&amp#27;[38;5;113m[14250cea]&amp#27;[0m&amp#27;[38;5;-172m[AndroidUiautomator2Driver@d06e]&amp#27;[0m Proxying [GET /appium/device/system_bars] to [GET http://127.0.0.1:8202/session/9b1c93d1-3502-4962-96df-af115f97ad96/appium/device/system_bars] with no body
&amp#27;[38;5;113m[14250cea]&amp#27;[0m&amp#27;[38;5;-172m[AndroidUiautomator2Driver@d06e]&amp#27;[0m Matched '/window/current/size' to command name 'getWindowSize'
&amp#27;[38;5;113m[14250cea]&amp#27;[0m&amp#27;[38;5;-172m[AndroidUiautomator2Driver@d06e]&amp#27;[0m Proxying [GET /window/current/size] to [GET http://127.0.0.1:8202/session/9b1c93d1-3502-4962-96df-af115f97ad96/window/current/size] with no body
&amp#27;[38;5;113m[14250cea]&amp#27;[0m&amp#27;[38;5;-172m[AndroidUiautomator2Driver@d06e]&amp#27;[0m Proxying [GET /appium/device/info] to [GET http://127.0.0.1:8202/session/9b1c93d1-3502-4962-96df-af115f97ad96/appium/device/info] with no body
&amp#27;[38;5;113m[14250cea]&amp#27;[0m&amp#27;[38;5;229m[ADB]&amp#27;[0m Running 'C:\Users\deepak.jagtap\AppData\Local\Android\Sdk\platform-tools\adb.exe -P 5037 -s emulator-5554 shell dumpsys window'
&amp#27;[38;5;113m[14250cea]&amp#27;[0m&amp#27;[38;5;229m[ADB]&amp#27;[0m Running 'C:\Users\deepak.jagtap\AppData\Local\Android\Sdk\platform-tools\adb.exe -P 5037 -s emulator-5554 shell dumpsys power'
&amp#27;[38;5;113m[14250cea]&amp#27;[0m&amp#27;[38;5;-172m[AndroidUiautomator2Driver@d06e]&amp#27;[0m Got response with status 200: {"sessionId":"9b1c93d1-3502-4962-96df-af115f97ad96","value":2.75}
&amp#27;[38;5;113m[14250cea]&amp#27;[0m&amp#27;[38;5;-172m[AndroidUiautomator2Driver@d06e]&amp#27;[0m Got response with status 200: {"sessionId":"9b1c93d1-3502-4962-96df-af115f97ad96","value":{"statusBar":66}}
&amp#27;[38;5;113m[14250cea]&amp#27;[0m&amp#27;[38;5;-172m[AndroidUiautomator2Driver@d06e]&amp#27;[0m Got response with status 200: {"sessionId":"9b1c93d1-3502-4962-96df-af115f97ad96","value":{"height":2220,"width":1080}}
&amp#27;[38;5;113m[14250cea]&amp#27;[0m&amp#27;[38;5;-172m[AndroidUiautomator2Driver@d06e]&amp#27;[0m Got response with status 200: {"sessionId":"9b1c93d1-3502-4962-96df-af115f97ad96","value":{"androidId":"fadebaf111622060","apiVersion":"36","bluetooth":{"state":"OFF"},"brand":"google","carrierName":"T-Mobile","displayDensity":440,"locale":"en_US","manufacturer":"Google","model":"sdk_gphone64_x86_64","networks":[{"capabilities":{"SSID":null,"linkDownBandwidthKbps":30000,"linkUpstreamBandwidthKbps":12000,"networkCapabilities":"NET_CAPABILITY_NOT_METERED,NET_CAPABILITY_INTERNET,NET_CAPABILITY_NOT_RESTRICTED,NET_CAPABILITY_TRUSTED,NET_CAPABILITY_NOT_VPN,NET_CAPABILITY_VALIDATED,NET_CAPABILITY_NOT_ROAMING,NET_CAPABILITY_FOREGROUND,NET_CAPABILITY_NOT_CONGESTED,NET_CAPABILITY_NOT_SUSPENDED","signalStrength":-50,"transportTypes":"TRANSPORT_WIFI"},"detailedState":"CONNECTED","extraInfo":"","isAvailable":true,"isConnected":true,"isFailover":false,"isRoaming":false,"state":"CONNECTED","subtype":-1,"subtypeName":"","type":1,"typeName":"WIFI"},{"capabilities":{"SSID":null,"linkDownBandwidthKbps":145000,"linkUpstreamBandwidthKbps":60000,"networkCap...
&amp#27;[38;5;113m[14250cea]&amp#27;[0m&amp#27;[38;5;-172m[AndroidUiautomator2Driver@d06e]&amp#27;[0m Screen already unlocked, doing nothing
&amp#27;[38;5;113m[14250cea]&amp#27;[0m&amp#27;[38;5;-172m[AndroidUiautomator2Driver@d06e]&amp#27;[0m Starting 'com.androidsample.generalstore/com.androidsample.generalstore.SplashActivity' and waiting for 'com.androidsample.generalstore/com.androidsample.generalstore.SplashActivity'
&amp#27;[38;5;113m[14250cea]&amp#27;[0m&amp#27;[38;5;229m[ADB]&amp#27;[0m Running 'C:\Users\deepak.jagtap\AppData\Local\Android\Sdk\platform-tools\adb.exe -P 5037 -s emulator-5554 shell am start-activity -W -n com.androidsample.generalstore/com.androidsample.generalstore.SplashActivity -S -a android.intent.action.MAIN -c android.intent.category.LAUNCHER -f 0x10200000'
&amp#27;[38;5;113m[14250cea]&amp#27;[0m&amp#27;[38;5;229m[ADB]&amp#27;[0m Expected package names to be focused within 20000ms: 'com.androidsample.generalstore'
&amp#27;[38;5;113m[14250cea]&amp#27;[0m&amp#27;[38;5;229m[ADB]&amp#27;[0m Expected activity name patterns to be focused within 20000ms: '/^com\.androidsample\.generalstore\.SplashActivity$/'
&amp#27;[38;5;113m[14250cea]&amp#27;[0m&amp#27;[38;5;229m[ADB]&amp#27;[0m Getting focused package and activity
&amp#27;[38;5;113m[14250cea]&amp#27;[0m&amp#27;[38;5;229m[ADB]&amp#27;[0m Running 'C:\Users\deepak.jagtap\AppData\Local\Android\Sdk\platform-tools\adb.exe -P 5037 -s emulator-5554 shell dumpsys window displays'
&amp#27;[38;5;113m[14250cea]&amp#27;[0m&amp#27;[38;5;229m[ADB]&amp#27;[0m Focused package: com.androidsample.generalstore
&amp#27;[38;5;113m[14250cea]&amp#27;[0m&amp#27;[38;5;229m[ADB]&amp#27;[0m Focused fully qualified activity name: com.androidsample.generalstore.SplashActivity
&amp#27;[38;5;113m[14250cea]&amp#27;[0m&amp#27;[38;5;185m[AppiumDriver@ebb4]&amp#27;[0m New AndroidUiautomator2Driver session created successfully, session 14250cea-bf0d-49ae-95a9-e27a010742cc added to master session list
&amp#27;[38;5;113m[14250cea]&amp#27;[0m&amp#27;[38;5;185m[AppiumDriver@ebb4]&amp#27;[0m Event 'newSessionStarted' logged at 1743268667009 (22:47:47 GMT+0530 (India Standard Time))
&amp#27;[38;5;113m[14250cea]&amp#27;[0m&amp#27;[38;5;-172m[AndroidUiautomator2Driver@d06e]&amp#27;[0m Cached the protocol value 'W3C' for the new session 14250cea-bf0d-49ae-95a9-e27a010742cc
&amp#27;[38;5;113m[14250cea]&amp#27;[0m&amp#27;[38;5;-172m[AndroidUiautomator2Driver@d06e]&amp#27;[0m Responding to client with driver.createSession() result: {"capabilities":{"platformName":"ANDROID","chromedriverExecutable":"C://Users//deepak.jagtap//Downloads//chromedriver-win64 (1)//chromedriver-win64//chromedriver.exe","deviceName":"emulator-5554","automationName":"UIAutomator2","app":"C://Users//deepak.jagtap//eclipse-workspace//appium//src//test//java//resources//General-Store.apk","platform":"LINUX","webStorageEnabled":false,"takesScreenshot":true,"javascriptEnabled":true,"databaseEnabled":false,"networkConnectionEnabled":true,"locationContextEnabled":false,"warnings":{},"desired":{"platformName":"ANDROID","chromedriverExecutable":"C://Users//deepak.jagtap//Downloads//chromedriver-win64 (1)//chromedriver-win64//chromedriver.exe","deviceName":"Pixel 3a","automationName":"UIAutomator2","app":"C://Users//deepak.jagtap//eclipse-workspace//appium//src//test//java//resources//General-Store.apk"},"deviceUDID":"emulator-5554","appPackage":"com.androidsample.generalstore","appActivity":"com.androidsample.generalstore.SplashActivity","pixelRatio":"2.75","statBarHe...
&amp#27;[38;5;113m[14250cea]&amp#27;[0m&amp#27;[38;5;86m[HTTP]&amp#27;[0m &amp#27;[37m<-- POST /session &amp#27;[39m&amp#27;[32m200&amp#27;[39m &amp#27;[90m5995 ms - 1320&amp#27;[39m &amp#27;[90m&amp#27;[39m
&amp#27;[38;5;113m[14250cea]&amp#27;[0m&amp#27;[38;5;86m[HTTP]&amp#27;[0m &amp#27;[37m-->&amp#27;[39m &amp#27;[37mPOST&amp#27;[39m &amp#27;[37m/session/14250cea-bf0d-49ae-95a9-e27a010742cc/timeouts&amp#27;[39m &amp#27;[90m{"implicit":10000}&amp#27;[39m
&amp#27;[38;5;113m[14250cea]&amp#27;[0m&amp#27;[38;5;-172m[AndroidUiautomator2Driver@d06e]&amp#27;[0m Calling AppiumDriver.timeouts() with args: [null,null,null,null,10000,"14250cea-bf0d-49ae-95a9-e27a010742cc"]
&amp#27;[38;5;113m[14250cea]&amp#27;[0m&amp#27;[38;5;-172m[AndroidUiautomator2Driver@d06e]&amp#27;[0m W3C timeout argument: {"implicit":10000}}
&amp#27;[38;5;113m[14250cea]&amp#27;[0m&amp#27;[38;5;-172m[AndroidUiautomator2Driver@d06e]&amp#27;[0m Set implicit wait to 10000ms
&amp#27;[38;5;113m[14250cea]&amp#27;[0m&amp#27;[38;5;-172m[AndroidUiautomator2Driver@d06e]&amp#27;[0m Responding to client with driver.timeouts() result: null
&amp#27;[38;5;113m[14250cea]&amp#27;[0m&amp#27;[38;5;86m[HTTP]&amp#27;[0m &amp#27;[37m<-- POST /session/14250cea-bf0d-49ae-95a9-e27a010742cc/timeouts &amp#27;[39m&amp#27;[32m200&amp#27;[39m &amp#27;[90m4 ms - 14&amp#27;[39m &amp#27;[90m&amp#27;[39m
&amp#27;[38;5;113m[14250cea]&amp#27;[0m&amp#27;[38;5;86m[HTTP]&amp#27;[0m &amp#27;[37m-->&amp#27;[39m &amp#27;[37mPOST&amp#27;[39m &amp#27;[37m/session/14250cea-bf0d-49ae-95a9-e27a010742cc/element&amp#27;[39m &amp#27;[90m{"using":"id","value":"com.androidsample.generalstore:id/radioFemale"}&amp#27;[39m
&amp#27;[38;5;113m[14250cea]&amp#27;[0m&amp#27;[38;5;-172m[AndroidUiautomator2Driver@d06e]&amp#27;[0m Calling AppiumDriver.findElement() with args: ["id","com.androidsample.generalstore:id/radioFemale","14250cea-bf0d-49ae-95a9-e27a010742cc"]
&amp#27;[38;5;113m[14250cea]&amp#27;[0m&amp#27;[38;5;-172m[AndroidUiautomator2Driver@d06e]&amp#27;[0m Valid locator strategies for this request: xpath, id, class name, accessibility id, css selector, -android uiautomator
&amp#27;[38;5;113m[14250cea]&amp#27;[0m&amp#27;[38;5;-172m[AndroidUiautomator2Driver@d06e]&amp#27;[0m Waiting up to 10000 ms for condition
&amp#27;[38;5;113m[14250cea]&amp#27;[0m&amp#27;[38;5;-172m[AndroidUiautomator2Driver@d06e]&amp#27;[0m Matched '/element' to command name 'findElement'
&amp#27;[38;5;113m[14250cea]&amp#27;[0m&amp#27;[38;5;-172m[AndroidUiautomator2Driver@d06e]&amp#27;[0m Proxying [POST /element] to [POST http://127.0.0.1:8202/session/9b1c93d1-3502-4962-96df-af115f97ad96/element] with body: {"strategy":"id","selector":"com.androidsample.generalstore:id/radioFemale","context":"","multiple":false}
&amp#27;[38;5;113m[14250cea]&amp#27;[0m&amp#27;[38;5;-172m[AndroidUiautomator2Driver@d06e]&amp#27;[0m Got response with status 404: {"sessionId":"9b1c93d1-3502-4962-96df-af115f97ad96","value":{"error":"no such element","message":"An element could not be located on the page using the given search parameters","stacktrace":"io.appium.uiautomator2.common.exceptions.ElementNotFoundException: An element could not be located on the page using the given search parameters\n\tat io.appium.uiautomator2.handler.FindElement.safeHandle(FindElement.java:63)\n\tat io.appium.uiautomator2.handler.request.SafeRequestHandler.handle(SafeRequestHandler.java:59)\n\tat io.appium.uiautomator2.server.AppiumServlet.handleRequest(AppiumServlet.java:259)\n\tat io.appium.uiautomator2.server.AppiumServlet.handleHttpRequest(AppiumServlet.java:253)\n\tat io.appium.uiautomator2.http.ServerHandler.channelRead(ServerHandler.java:77)\n\tat io.netty.channel.AbstractChannelHandlerContext.invokeChannelRead(AbstractChannelHandlerContext.java:366)\n\tat io.netty.channel.AbstractChannelHandlerContext.invokeChannelRead(AbstractChannelHandlerContext.java:352)\n\tat io.netty.chann...
&amp#27;[38;5;113m[14250cea]&amp#27;[0m&amp#27;[38;5;123m[W3C]&amp#27;[0m Matched W3C error code 'no such element' to NoSuchElementError
&amp#27;[38;5;113m[14250cea]&amp#27;[0m&amp#27;[38;5;-172m[AndroidUiautomator2Driver@d06e]&amp#27;[0m Waited for 773 ms so far
&amp#27;[38;5;113m[14250cea]&amp#27;[0m&amp#27;[38;5;-172m[AndroidUiautomator2Driver@d06e]&amp#27;[0m Matched '/element' to command name 'findElement'
&amp#27;[38;5;113m[14250cea]&amp#27;[0m&amp#27;[38;5;-172m[AndroidUiautomator2Driver@d06e]&amp#27;[0m Proxying [POST /element] to [POST http://127.0.0.1:8202/session/9b1c93d1-3502-4962-96df-af115f97ad96/element] with body: {"strategy":"id","selector":"com.androidsample.generalstore:id/radioFemale","context":"","multiple":false}
&amp#27;[38;5;113m[14250cea]&amp#27;[0m&amp#27;[38;5;-172m[AndroidUiautomator2Driver@d06e]&amp#27;[0m Got response with status 404: {"sessionId":"9b1c93d1-3502-4962-96df-af115f97ad96","value":{"error":"no such element","message":"An element could not be located on the page using the given search parameters","stacktrace":"io.appium.uiautomator2.common.exceptions.ElementNotFoundException: An element could not be located on the page using the given search parameters\n\tat io.appium.uiautomator2.handler.FindElement.safeHandle(FindElement.java:63)\n\tat io.appium.uiautomator2.handler.request.SafeRequestHandler.handle(SafeRequestHandler.java:59)\n\tat io.appium.uiautomator2.server.AppiumServlet.handleRequest(AppiumServlet.java:259)\n\tat io.appium.uiautomator2.server.AppiumServlet.handleHttpRequest(AppiumServlet.java:253)\n\tat io.appium.uiautomator2.http.ServerHandler.channelRead(ServerHandler.java:77)\n\tat io.netty.channel.AbstractChannelHandlerContext.invokeChannelRead(AbstractChannelHandlerContext.java:366)\n\tat io.netty.channel.AbstractChannelHandlerContext.invokeChannelRead(AbstractChannelHandlerContext.java:352)\n\tat io.netty.chann...
&amp#27;[38;5;113m[14250cea]&amp#27;[0m&amp#27;[38;5;123m[W3C]&amp#27;[0m Matched W3C error code 'no such element' to NoSuchElementError
&amp#27;[38;5;113m[14250cea]&amp#27;[0m&amp#27;[38;5;-172m[AndroidUiautomator2Driver@d06e]&amp#27;[0m Waited for 1308 ms so far
&amp#27;[38;5;113m[14250cea]&amp#27;[0m&amp#27;[38;5;-172m[AndroidUiautomator2Driver@d06e]&amp#27;[0m Matched '/element' to command name 'findElement'
&amp#27;[38;5;113m[14250cea]&amp#27;[0m&amp#27;[38;5;-172m[AndroidUiautomator2Driver@d06e]&amp#27;[0m Proxying [POST /element] to [POST http://127.0.0.1:8202/session/9b1c93d1-3502-4962-96df-af115f97ad96/element] with body: {"strategy":"id","selector":"com.androidsample.generalstore:id/radioFemale","context":"","multiple":false}
&amp#27;[38;5;113m[14250cea]&amp#27;[0m&amp#27;[38;5;-172m[AndroidUiautomator2Driver@d06e]&amp#27;[0m Got response with status 404: {"sessionId":"9b1c93d1-3502-4962-96df-af115f97ad96","value":{"error":"no such element","message":"An element could not be located on the page using the given search parameters","stacktrace":"io.appium.uiautomator2.common.exceptions.ElementNotFoundException: An element could not be located on the page using the given search parameters\n\tat io.appium.uiautomator2.handler.FindElement.safeHandle(FindElement.java:63)\n\tat io.appium.uiautomator2.handler.request.SafeRequestHandler.handle(SafeRequestHandler.java:59)\n\tat io.appium.uiautomator2.server.AppiumServlet.handleRequest(AppiumServlet.java:259)\n\tat io.appium.uiautomator2.server.AppiumServlet.handleHttpRequest(AppiumServlet.java:253)\n\tat io.appium.uiautomator2.http.ServerHandler.channelRead(ServerHandler.java:77)\n\tat io.netty.channel.AbstractChannelHandlerContext.invokeChannelRead(AbstractChannelHandlerContext.java:366)\n\tat io.netty.channel.AbstractChannelHandlerContext.invokeChannelRead(AbstractChannelHandlerContext.java:352)\n\tat io.netty.chann...
&amp#27;[38;5;113m[14250cea]&amp#27;[0m&amp#27;[38;5;123m[W3C]&amp#27;[0m Matched W3C error code 'no such element' to NoSuchElementError
&amp#27;[38;5;113m[14250cea]&amp#27;[0m&amp#27;[38;5;-172m[AndroidUiautomator2Driver@d06e]&amp#27;[0m Waited for 1832 ms so far
&amp#27;[38;5;113m[14250cea]&amp#27;[0m&amp#27;[38;5;-172m[AndroidUiautomator2Driver@d06e]&amp#27;[0m Matched '/element' to command name 'findElement'
&amp#27;[38;5;113m[14250cea]&amp#27;[0m&amp#27;[38;5;-172m[AndroidUiautomator2Driver@d06e]&amp#27;[0m Proxying [POST /element] to [POST http://127.0.0.1:8202/session/9b1c93d1-3502-4962-96df-af115f97ad96/element] with body: {"strategy":"id","selector":"com.androidsample.generalstore:id/radioFemale","context":"","multiple":false}
&amp#27;[38;5;113m[14250cea]&amp#27;[0m&amp#27;[38;5;-172m[AndroidUiautomator2Driver@d06e]&amp#27;[0m Got response with status 404: {"sessionId":"9b1c93d1-3502-4962-96df-af115f97ad96","value":{"error":"no such element","message":"An element could not be located on the page using the given search parameters","stacktrace":"io.appium.uiautomator2.common.exceptions.ElementNotFoundException: An element could not be located on the page using the given search parameters\n\tat io.appium.uiautomator2.handler.FindElement.safeHandle(FindElement.java:63)\n\tat io.appium.uiautomator2.handler.request.SafeRequestHandler.handle(SafeRequestHandler.java:59)\n\tat io.appium.uiautomator2.server.AppiumServlet.handleRequest(AppiumServlet.java:259)\n\tat io.appium.uiautomator2.server.AppiumServlet.handleHttpRequest(AppiumServlet.java:253)\n\tat io.appium.uiautomator2.http.ServerHandler.channelRead(ServerHandler.java:77)\n\tat io.netty.channel.AbstractChannelHandlerContext.invokeChannelRead(AbstractChannelHandlerContext.java:366)\n\tat io.netty.channel.AbstractChannelHandlerContext.invokeChannelRead(AbstractChannelHandlerContext.java:352)\n\tat io.netty.chann...
&amp#27;[38;5;113m[14250cea]&amp#27;[0m&amp#27;[38;5;123m[W3C]&amp#27;[0m Matched W3C error code 'no such element' to NoSuchElementError
&amp#27;[38;5;113m[14250cea]&amp#27;[0m&amp#27;[38;5;-172m[AndroidUiautomator2Driver@d06e]&amp#27;[0m Waited for 2363 ms so far
&amp#27;[38;5;113m[14250cea]&amp#27;[0m&amp#27;[38;5;-172m[AndroidUiautomator2Driver@d06e]&amp#27;[0m Matched '/element' to command name 'findElement'
&amp#27;[38;5;113m[14250cea]&amp#27;[0m&amp#27;[38;5;-172m[AndroidUiautomator2Driver@d06e]&amp#27;[0m Proxying [POST /element] to [POST http://127.0.0.1:8202/session/9b1c93d1-3502-4962-96df-af115f97ad96/element] with body: {"strategy":"id","selector":"com.androidsample.generalstore:id/radioFemale","context":"","multiple":false}
&amp#27;[38;5;113m[14250cea]&amp#27;[0m&amp#27;[38;5;-172m[AndroidUiautomator2Driver@d06e]&amp#27;[0m Got response with status 200: {"sessionId":"9b1c93d1-3502-4962-96df-af115f97ad96","value":{"ELEMENT":"00000000-0000-0096-ffff-ffff00000020","element-6066-11e4-a52e-4f735466cecf":"00000000-0000-0096-ffff-ffff00000020"}}
&amp#27;[38;5;113m[14250cea]&amp#27;[0m&amp#27;[38;5;-172m[AndroidUiautomator2Driver@d06e]&amp#27;[0m Responding to client with driver.findElement() result: {"element-6066-11e4-a52e-4f735466cecf":"00000000-0000-0096-ffff-ffff00000020","ELEMENT":"00000000-0000-0096-ffff-ffff00000020"}
&amp#27;[38;5;113m[14250cea]&amp#27;[0m&amp#27;[38;5;86m[HTTP]&amp#27;[0m &amp#27;[37m<-- POST /session/14250cea-bf0d-49ae-95a9-e27a010742cc/element &amp#27;[39m&amp#27;[32m200&amp#27;[39m &amp#27;[90m4346 ms - 137&amp#27;[39m &amp#27;[90m&amp#27;[39m
&amp#27;[38;5;113m[14250cea]&amp#27;[0m&amp#27;[38;5;86m[HTTP]&amp#27;[0m &amp#27;[37m-->&amp#27;[39m &amp#27;[37mPOST&amp#27;[39m &amp#27;[37m/session/14250cea-bf0d-49ae-95a9-e27a010742cc/element/00000000-0000-0096-ffff-ffff00000020/click&amp#27;[39m &amp#27;[90m{"id":"00000000-0000-0096-ffff-ffff00000020"}&amp#27;[39m
&amp#27;[38;5;113m[14250cea]&amp#27;[0m&amp#27;[38;5;-172m[AndroidUiautomator2Driver@d06e]&amp#27;[0m Calling AppiumDriver.click() with args: ["00000000-0000-0096-ffff-ffff00000020","14250cea-bf0d-49ae-95a9-e27a010742cc"]
&amp#27;[38;5;113m[14250cea]&amp#27;[0m&amp#27;[38;5;-172m[AndroidUiautomator2Driver@d06e]&amp#27;[0m Matched '/element/00000000-0000-0096-ffff-ffff00000020/click' to command name 'click'
&amp#27;[38;5;113m[14250cea]&amp#27;[0m&amp#27;[38;5;-172m[AndroidUiautomator2Driver@d06e]&amp#27;[0m Proxying [POST /element/00000000-0000-0096-ffff-ffff00000020/click] to [POST http://127.0.0.1:8202/session/9b1c93d1-3502-4962-96df-af115f97ad96/element/00000000-0000-0096-ffff-ffff00000020/click] with body: {"element":"00000000-0000-0096-ffff-ffff00000020"}
&amp#27;[38;5;113m[14250cea]&amp#27;[0m&amp#27;[38;5;-172m[AndroidUiautomator2Driver@d06e]&amp#27;[0m Got response with status 200: {"sessionId":"9b1c93d1-3502-4962-96df-af115f97ad96","value":null}
&amp#27;[38;5;113m[14250cea]&amp#27;[0m&amp#27;[38;5;-172m[AndroidUiautomator2Driver@d06e]&amp#27;[0m Responding to client with driver.click() result: null
&amp#27;[38;5;113m[14250cea]&amp#27;[0m&amp#27;[38;5;86m[HTTP]&amp#27;[0m &amp#27;[37m<-- POST /session/14250cea-bf0d-49ae-95a9-e27a010742cc/element/00000000-0000-0096-ffff-ffff00000020/click &amp#27;[39m&amp#27;[32m200&amp#27;[39m &amp#27;[90m81 ms - 14&amp#27;[39m &amp#27;[90m&amp#27;[39m
&amp#27;[38;5;113m[14250cea]&amp#27;[0m&amp#27;[38;5;86m[HTTP]&amp#27;[0m &amp#27;[37m-->&amp#27;[39m &amp#27;[37mPOST&amp#27;[39m &amp#27;[37m/session/14250cea-bf0d-49ae-95a9-e27a010742cc/element&amp#27;[39m &amp#27;[90m{"using":"id","value":"com.androidsample.generalstore:id/nameField"}&amp#27;[39m
&amp#27;[38;5;113m[14250cea]&amp#27;[0m&amp#27;[38;5;-172m[AndroidUiautomator2Driver@d06e]&amp#27;[0m Calling AppiumDriver.findElement() with args: ["id","com.androidsample.generalstore:id/nameField","14250cea-bf0d-49ae-95a9-e27a010742cc"]
&amp#27;[38;5;113m[14250cea]&amp#27;[0m&amp#27;[38;5;-172m[AndroidUiautomator2Driver@d06e]&amp#27;[0m Valid locator strategies for this request: xpath, id, class name, accessibility id, css selector, -android uiautomator
&amp#27;[38;5;113m[14250cea]&amp#27;[0m&amp#27;[38;5;-172m[AndroidUiautomator2Driver@d06e]&amp#27;[0m Waiting up to 10000 ms for condition
&amp#27;[38;5;113m[14250cea]&amp#27;[0m&amp#27;[38;5;-172m[AndroidUiautomator2Driver@d06e]&amp#27;[0m Matched '/element' to command name 'findElement'
&amp#27;[38;5;113m[14250cea]&amp#27;[0m&amp#27;[38;5;-172m[AndroidUiautomator2Driver@d06e]&amp#27;[0m Proxying [POST /element] to [POST http://127.0.0.1:8202/session/9b1c93d1-3502-4962-96df-af115f97ad96/element] with body: {"strategy":"id","selector":"com.androidsample.generalstore:id/nameField","context":"","multiple":false}
&amp#27;[38;5;113m[14250cea]&amp#27;[0m&amp#27;[38;5;-172m[AndroidUiautomator2Driver@d06e]&amp#27;[0m Got response with status 200: {"sessionId":"9b1c93d1-3502-4962-96df-af115f97ad96","value":{"ELEMENT":"00000000-0000-0096-ffff-ffff0000001c","element-6066-11e4-a52e-4f735466cecf":"00000000-0000-0096-ffff-ffff0000001c"}}
&amp#27;[38;5;113m[14250cea]&amp#27;[0m&amp#27;[38;5;-172m[AndroidUiautomator2Driver@d06e]&amp#27;[0m Responding to client with driver.findElement() result: {"element-6066-11e4-a52e-4f735466cecf":"00000000-0000-0096-ffff-ffff0000001c","ELEMENT":"00000000-0000-0096-ffff-ffff0000001c"}
&amp#27;[38;5;113m[14250cea]&amp#27;[0m&amp#27;[38;5;86m[HTTP]&amp#27;[0m &amp#27;[37m<-- POST /session/14250cea-bf0d-49ae-95a9-e27a010742cc/element &amp#27;[39m&amp#27;[32m200&amp#27;[39m &amp#27;[90m586 ms - 137&amp#27;[39m &amp#27;[90m&amp#27;[39m
&amp#27;[38;5;113m[14250cea]&amp#27;[0m&amp#27;[38;5;86m[HTTP]&amp#27;[0m &amp#27;[37m-->&amp#27;[39m &amp#27;[37mPOST&amp#27;[39m &amp#27;[37m/session/14250cea-bf0d-49ae-95a9-e27a010742cc/element/00000000-0000-0096-ffff-ffff0000001c/value&amp#27;[39m &amp#27;[90m{"id":"00000000-0000-0096-ffff-ffff0000001c","value":["d","e","e","p","a","k"," ","j","a","g","t","a","p"," ","q","a"],"text":"deepak jagtap qa"}&amp#27;[39m
&amp#27;[38;5;113m[14250cea]&amp#27;[0m&amp#27;[38;5;-172m[AndroidUiautomator2Driver@d06e]&amp#27;[0m Calling AppiumDriver.setValue() with args: [["d","e","e","p","a","k"," ","j","a","g","t","a","p"," ","q","a"],"00000000-0000-0096-ffff-ffff0000001c","14250cea-bf0d-49ae-95a9-e27a010742cc"]
&amp#27;[38;5;113m[14250cea]&amp#27;[0m&amp#27;[38;5;-172m[AndroidUiautomator2Driver@d06e]&amp#27;[0m Matched '/element/00000000-0000-0096-ffff-ffff0000001c/value' to command name 'setValue'
&amp#27;[38;5;113m[14250cea]&amp#27;[0m&amp#27;[38;5;-172m[AndroidUiautomator2Driver@d06e]&amp#27;[0m Added 'value' property ["d","e","e","p","a","k"," ","j","a","g","t","a","p"," ","q","a"] to 'setValue' request body
&amp#27;[38;5;113m[14250cea]&amp#27;[0m&amp#27;[38;5;-172m[AndroidUiautomator2Driver@d06e]&amp#27;[0m Proxying [POST /element/00000000-0000-0096-ffff-ffff0000001c/value] to [POST http://127.0.0.1:8202/session/9b1c93d1-3502-4962-96df-af115f97ad96/element/00000000-0000-0096-ffff-ffff0000001c/value] with body: {"elementId":"00000000-0000-0096-ffff-ffff0000001c","text":"deepak jagtap qa","replace":false,"value":["d","e","e","p","a","k"," ","j","a","g","t","a","p"," ","q","a"]}
&amp#27;[38;5;113m[14250cea]&amp#27;[0m&amp#27;[38;5;-172m[AndroidUiautomator2Driver@d06e]&amp#27;[0m Got response with status 200: {"sessionId":"9b1c93d1-3502-4962-96df-af115f97ad96","value":null}
&amp#27;[38;5;113m[14250cea]&amp#27;[0m&amp#27;[38;5;-172m[AndroidUiautomator2Driver@d06e]&amp#27;[0m Responding to client with driver.setValue() result: null
&amp#27;[38;5;113m[14250cea]&amp#27;[0m&amp#27;[38;5;86m[HTTP]&amp#27;[0m &amp#27;[37m<-- POST /session/14250cea-bf0d-49ae-95a9-e27a010742cc/element/00000000-0000-0096-ffff-ffff0000001c/value &amp#27;[39m&amp#27;[32m200&amp#27;[39m &amp#27;[90m565 ms - 14&amp#27;[39m &amp#27;[90m&amp#27;[39m
&amp#27;[38;5;113m[14250cea]&amp#27;[0m&amp#27;[38;5;86m[HTTP]&amp#27;[0m &amp#27;[37m-->&amp#27;[39m &amp#27;[37mPOST&amp#27;[39m &amp#27;[37m/session/14250cea-bf0d-49ae-95a9-e27a010742cc/execute/sync&amp#27;[39m &amp#27;[90m{"args":[],"script":"mobile: hideKeyboard"}&amp#27;[39m
&amp#27;[38;5;113m[14250cea]&amp#27;[0m&amp#27;[38;5;-172m[AndroidUiautomator2Driver@d06e]&amp#27;[0m Calling AppiumDriver.execute() with args: ["mobile: hideKeyboard",[],"14250cea-bf0d-49ae-95a9-e27a010742cc"]
&amp#27;[38;5;113m[14250cea]&amp#27;[0m&amp#27;[38;5;229m[ADB]&amp#27;[0m Running 'C:\Users\deepak.jagtap\AppData\Local\Android\Sdk\platform-tools\adb.exe -P 5037 -s emulator-5554 shell dumpsys input_method'
&amp#27;[38;5;113m[14250cea]&amp#27;[0m&amp#27;[38;5;229m[ADB]&amp#27;[0m Keyboard has no UI; no closing necessary
&amp#27;[38;5;113m[14250cea]&amp#27;[0m&amp#27;[38;5;-172m[AndroidUiautomator2Driver@d06e]&amp#27;[0m Responding to client with driver.execute() result: false
&amp#27;[38;5;113m[14250cea]&amp#27;[0m&amp#27;[38;5;86m[HTTP]&amp#27;[0m &amp#27;[37m<-- POST /session/14250cea-bf0d-49ae-95a9-e27a010742cc/execute/sync &amp#27;[39m&amp#27;[32m200&amp#27;[39m &amp#27;[90m443 ms - 15&amp#27;[39m &amp#27;[90m&amp#27;[39m
&amp#27;[38;5;113m[14250cea]&amp#27;[0m&amp#27;[38;5;86m[HTTP]&amp#27;[0m &amp#27;[37m-->&amp#27;[39m &amp#27;[37mPOST&amp#27;[39m &amp#27;[37m/session/14250cea-bf0d-49ae-95a9-e27a010742cc/element&amp#27;[39m &amp#27;[90m{"using":"id","value":"android:id/text1"}&amp#27;[39m
&amp#27;[38;5;113m[14250cea]&amp#27;[0m&amp#27;[38;5;-172m[AndroidUiautomator2Driver@d06e]&amp#27;[0m Calling AppiumDriver.findElement() with args: ["id","android:id/text1","14250cea-bf0d-49ae-95a9-e27a010742cc"]
&amp#27;[38;5;113m[14250cea]&amp#27;[0m&amp#27;[38;5;-172m[AndroidUiautomator2Driver@d06e]&amp#27;[0m Valid locator strategies for this request: xpath, id, class name, accessibility id, css selector, -android uiautomator
&amp#27;[38;5;113m[14250cea]&amp#27;[0m&amp#27;[38;5;-172m[AndroidUiautomator2Driver@d06e]&amp#27;[0m Waiting up to 10000 ms for condition
&amp#27;[38;5;113m[14250cea]&amp#27;[0m&amp#27;[38;5;-172m[AndroidUiautomator2Driver@d06e]&amp#27;[0m Matched '/element' to command name 'findElement'
&amp#27;[38;5;113m[14250cea]&amp#27;[0m&amp#27;[38;5;-172m[AndroidUiautomator2Driver@d06e]&amp#27;[0m Proxying [POST /element] to [POST http://127.0.0.1:8202/session/9b1c93d1-3502-4962-96df-af115f97ad96/element] with body: {"strategy":"id","selector":"android:id/text1","context":"","multiple":false}
&amp#27;[38;5;113m[14250cea]&amp#27;[0m&amp#27;[38;5;-172m[AndroidUiautomator2Driver@d06e]&amp#27;[0m Got response with status 200: {"sessionId":"9b1c93d1-3502-4962-96df-af115f97ad96","value":{"ELEMENT":"00000000-0000-0096-ffff-ffff00000024","element-6066-11e4-a52e-4f735466cecf":"00000000-0000-0096-ffff-ffff00000024"}}
&amp#27;[38;5;113m[14250cea]&amp#27;[0m&amp#27;[38;5;-172m[AndroidUiautomator2Driver@d06e]&amp#27;[0m Responding to client with driver.findElement() result: {"element-6066-11e4-a52e-4f735466cecf":"00000000-0000-0096-ffff-ffff00000024","ELEMENT":"00000000-0000-0096-ffff-ffff00000024"}
&amp#27;[38;5;113m[14250cea]&amp#27;[0m&amp#27;[38;5;86m[HTTP]&amp#27;[0m &amp#27;[37m<-- POST /session/14250cea-bf0d-49ae-95a9-e27a010742cc/element &amp#27;[39m&amp#27;[32m200&amp#27;[39m &amp#27;[90m51 ms - 137&amp#27;[39m &amp#27;[90m&amp#27;[39m
&amp#27;[38;5;113m[14250cea]&amp#27;[0m&amp#27;[38;5;86m[HTTP]&amp#27;[0m &amp#27;[37m-->&amp#27;[39m &amp#27;[37mPOST&amp#27;[39m &amp#27;[37m/session/14250cea-bf0d-49ae-95a9-e27a010742cc/element/00000000-0000-0096-ffff-ffff00000024/click&amp#27;[39m &amp#27;[90m{"id":"00000000-0000-0096-ffff-ffff00000024"}&amp#27;[39m
&amp#27;[38;5;113m[14250cea]&amp#27;[0m&amp#27;[38;5;-172m[AndroidUiautomator2Driver@d06e]&amp#27;[0m Calling AppiumDriver.click() with args: ["00000000-0000-0096-ffff-ffff00000024","14250cea-bf0d-49ae-95a9-e27a010742cc"]
&amp#27;[38;5;113m[14250cea]&amp#27;[0m&amp#27;[38;5;-172m[AndroidUiautomator2Driver@d06e]&amp#27;[0m Matched '/element/00000000-0000-0096-ffff-ffff00000024/click' to command name 'click'
&amp#27;[38;5;113m[14250cea]&amp#27;[0m&amp#27;[38;5;-172m[AndroidUiautomator2Driver@d06e]&amp#27;[0m Proxying [POST /element/00000000-0000-0096-ffff-ffff00000024/click] to [POST http://127.0.0.1:8202/session/9b1c93d1-3502-4962-96df-af115f97ad96/element/00000000-0000-0096-ffff-ffff00000024/click] with body: {"element":"00000000-0000-0096-ffff-ffff00000024"}
&amp#27;[38;5;113m[14250cea]&amp#27;[0m&amp#27;[38;5;-172m[AndroidUiautomator2Driver@d06e]&amp#27;[0m Got response with status 200: {"sessionId":"9b1c93d1-3502-4962-96df-af115f97ad96","value":null}
&amp#27;[38;5;113m[14250cea]&amp#27;[0m&amp#27;[38;5;-172m[AndroidUiautomator2Driver@d06e]&amp#27;[0m Responding to client with driver.click() result: null
&amp#27;[38;5;113m[14250cea]&amp#27;[0m&amp#27;[38;5;86m[HTTP]&amp#27;[0m &amp#27;[37m<-- POST /session/14250cea-bf0d-49ae-95a9-e27a010742cc/element/00000000-0000-0096-ffff-ffff00000024/click &amp#27;[39m&amp#27;[32m200&amp#27;[39m &amp#27;[90m80 ms - 14&amp#27;[39m &amp#27;[90m&amp#27;[39m
&amp#27;[38;5;113m[14250cea]&amp#27;[0m&amp#27;[38;5;86m[HTTP]&amp#27;[0m &amp#27;[37m-->&amp#27;[39m &amp#27;[37mPOST&amp#27;[39m &amp#27;[37m/session/14250cea-bf0d-49ae-95a9-e27a010742cc/element&amp#27;[39m &amp#27;[90m{"using":"-android uiautomator","value":"new UiScrollable(new UiSelector()).scrollIntoView(text(\"Argentina\"))"}&amp#27;[39m
&amp#27;[38;5;113m[14250cea]&amp#27;[0m&amp#27;[38;5;-172m[AndroidUiautomator2Driver@d06e]&amp#27;[0m Calling AppiumDriver.findElement() with args: ["-android uiautomator","new UiScrollable(new UiSelector()).scrollIntoView(text(\"Argentina\"))","14250cea-bf0d-49ae-95a9-e27a010742cc"]
&amp#27;[38;5;113m[14250cea]&amp#27;[0m&amp#27;[38;5;-172m[AndroidUiautomator2Driver@d06e]&amp#27;[0m Valid locator strategies for this request: xpath, id, class name, accessibility id, css selector, -android uiautomator
&amp#27;[38;5;113m[14250cea]&amp#27;[0m&amp#27;[38;5;-172m[AndroidUiautomator2Driver@d06e]&amp#27;[0m Waiting up to 10000 ms for condition
&amp#27;[38;5;113m[14250cea]&amp#27;[0m&amp#27;[38;5;-172m[AndroidUiautomator2Driver@d06e]&amp#27;[0m Matched '/element' to command name 'findElement'
&amp#27;[38;5;113m[14250cea]&amp#27;[0m&amp#27;[38;5;-172m[AndroidUiautomator2Driver@d06e]&amp#27;[0m Proxying [POST /element] to [POST http://127.0.0.1:8202/session/9b1c93d1-3502-4962-96df-af115f97ad96/element] with body: {"strategy":"-android uiautomator","selector":"new UiScrollable(new UiSelector()).scrollIntoView(text(\"Argentina\"))","context":"","multiple":false}
&amp#27;[38;5;113m[14250cea]&amp#27;[0m&amp#27;[38;5;-172m[AndroidUiautomator2Driver@d06e]&amp#27;[0m Got response with status 200: {"sessionId":"9b1c93d1-3502-4962-96df-af115f97ad96","value":{"ELEMENT":"00000000-0000-0097-ffff-ffff00000032","element-6066-11e4-a52e-4f735466cecf":"00000000-0000-0097-ffff-ffff00000032"}}
&amp#27;[38;5;113m[14250cea]&amp#27;[0m&amp#27;[38;5;-172m[AndroidUiautomator2Driver@d06e]&amp#27;[0m Responding to client with driver.findElement() result: {"element-6066-11e4-a52e-4f735466cecf":"00000000-0000-0097-ffff-ffff00000032","ELEMENT":"00000000-0000-0097-ffff-ffff00000032"}
&amp#27;[38;5;113m[14250cea]&amp#27;[0m&amp#27;[38;5;86m[HTTP]&amp#27;[0m &amp#27;[37m<-- POST /session/14250cea-bf0d-49ae-95a9-e27a010742cc/element &amp#27;[39m&amp#27;[32m200&amp#27;[39m &amp#27;[90m4149 ms - 137&amp#27;[39m &amp#27;[90m&amp#27;[39m
&amp#27;[38;5;113m[14250cea]&amp#27;[0m&amp#27;[38;5;86m[HTTP]&amp#27;[0m &amp#27;[37m-->&amp#27;[39m &amp#27;[37mPOST&amp#27;[39m &amp#27;[37m/session/14250cea-bf0d-49ae-95a9-e27a010742cc/element/00000000-0000-0097-ffff-ffff00000032/click&amp#27;[39m &amp#27;[90m{"id":"00000000-0000-0097-ffff-ffff00000032"}&amp#27;[39m
&amp#27;[38;5;113m[14250cea]&amp#27;[0m&amp#27;[38;5;-172m[AndroidUiautomator2Driver@d06e]&amp#27;[0m Calling AppiumDriver.click() with args: ["00000000-0000-0097-ffff-ffff00000032","14250cea-bf0d-49ae-95a9-e27a010742cc"]
&amp#27;[38;5;113m[14250cea]&amp#27;[0m&amp#27;[38;5;-172m[AndroidUiautomator2Driver@d06e]&amp#27;[0m Matched '/element/00000000-0000-0097-ffff-ffff00000032/click' to command name 'click'
&amp#27;[38;5;113m[14250cea]&amp#27;[0m&amp#27;[38;5;-172m[AndroidUiautomator2Driver@d06e]&amp#27;[0m Proxying [POST /element/00000000-0000-0097-ffff-ffff00000032/click] to [POST http://127.0.0.1:8202/session/9b1c93d1-3502-4962-96df-af115f97ad96/element/00000000-0000-0097-ffff-ffff00000032/click] with body: {"element":"00000000-0000-0097-ffff-ffff00000032"}
&amp#27;[38;5;113m[14250cea]&amp#27;[0m&amp#27;[38;5;-172m[AndroidUiautomator2Driver@d06e]&amp#27;[0m Got response with status 200: {"sessionId":"9b1c93d1-3502-4962-96df-af115f97ad96","value":null}
&amp#27;[38;5;113m[14250cea]&amp#27;[0m&amp#27;[38;5;-172m[AndroidUiautomator2Driver@d06e]&amp#27;[0m Responding to client with driver.click() result: null
&amp#27;[38;5;113m[14250cea]&amp#27;[0m&amp#27;[38;5;86m[HTTP]&amp#27;[0m &amp#27;[37m<-- POST /session/14250cea-bf0d-49ae-95a9-e27a010742cc/element/00000000-0000-0097-ffff-ffff00000032/click &amp#27;[39m&amp#27;[32m200&amp#27;[39m &amp#27;[90m681 ms - 14&amp#27;[39m &amp#27;[90m&amp#27;[39m
&amp#27;[38;5;113m[14250cea]&amp#27;[0m&amp#27;[38;5;86m[HTTP]&amp#27;[0m &amp#27;[37m-->&amp#27;[39m &amp#27;[37mPOST&amp#27;[39m &amp#27;[37m/session/14250cea-bf0d-49ae-95a9-e27a010742cc/element&amp#27;[39m &amp#27;[90m{"using":"id","value":"com.androidsample.generalstore:id/btnLetsShop"}&amp#27;[39m
&amp#27;[38;5;113m[14250cea]&amp#27;[0m&amp#27;[38;5;-172m[AndroidUiautomator2Driver@d06e]&amp#27;[0m Calling AppiumDriver.findElement() with args: ["id","com.androidsample.generalstore:id/btnLetsShop","14250cea-bf0d-49ae-95a9-e27a010742cc"]
&amp#27;[38;5;113m[14250cea]&amp#27;[0m&amp#27;[38;5;-172m[AndroidUiautomator2Driver@d06e]&amp#27;[0m Valid locator strategies for this request: xpath, id, class name, accessibility id, css selector, -android uiautomator
&amp#27;[38;5;113m[14250cea]&amp#27;[0m&amp#27;[38;5;-172m[AndroidUiautomator2Driver@d06e]&amp#27;[0m Waiting up to 10000 ms for condition
&amp#27;[38;5;113m[14250cea]&amp#27;[0m&amp#27;[38;5;-172m[AndroidUiautomator2Driver@d06e]&amp#27;[0m Matched '/element' to command name 'findElement'
&amp#27;[38;5;113m[14250cea]&amp#27;[0m&amp#27;[38;5;-172m[AndroidUiautomator2Driver@d06e]&amp#27;[0m Proxying [POST /element] to [POST http://127.0.0.1:8202/session/9b1c93d1-3502-4962-96df-af115f97ad96/element] with body: {"strategy":"id","selector":"com.androidsample.generalstore:id/btnLetsShop","context":"","multiple":false}
&amp#27;[38;5;113m[14250cea]&amp#27;[0m&amp#27;[38;5;-172m[AndroidUiautomator2Driver@d06e]&amp#27;[0m Got response with status 200: {"sessionId":"9b1c93d1-3502-4962-96df-af115f97ad96","value":{"ELEMENT":"00000000-0000-0096-ffff-ffff00000021","element-6066-11e4-a52e-4f735466cecf":"00000000-0000-0096-ffff-ffff00000021"}}
&amp#27;[38;5;113m[14250cea]&amp#27;[0m&amp#27;[38;5;-172m[AndroidUiautomator2Driver@d06e]&amp#27;[0m Responding to client with driver.findElement() result: {"element-6066-11e4-a52e-4f735466cecf":"00000000-0000-0096-ffff-ffff00000021","ELEMENT":"00000000-0000-0096-ffff-ffff00000021"}
&amp#27;[38;5;113m[14250cea]&amp#27;[0m&amp#27;[38;5;86m[HTTP]&amp#27;[0m &amp#27;[37m<-- POST /session/14250cea-bf0d-49ae-95a9-e27a010742cc/element &amp#27;[39m&amp#27;[32m200&amp#27;[39m &amp#27;[90m23 ms - 137&amp#27;[39m &amp#27;[90m&amp#27;[39m
&amp#27;[38;5;113m[14250cea]&amp#27;[0m&amp#27;[38;5;86m[HTTP]&amp#27;[0m &amp#27;[37m-->&amp#27;[39m &amp#27;[37mPOST&amp#27;[39m &amp#27;[37m/session/14250cea-bf0d-49ae-95a9-e27a010742cc/element/00000000-0000-0096-ffff-ffff00000021/click&amp#27;[39m &amp#27;[90m{"id":"00000000-0000-0096-ffff-ffff00000021"}&amp#27;[39m
&amp#27;[38;5;113m[14250cea]&amp#27;[0m&amp#27;[38;5;-172m[AndroidUiautomator2Driver@d06e]&amp#27;[0m Calling AppiumDriver.click() with args: ["00000000-0000-0096-ffff-ffff00000021","14250cea-bf0d-49ae-95a9-e27a010742cc"]
&amp#27;[38;5;113m[14250cea]&amp#27;[0m&amp#27;[38;5;-172m[AndroidUiautomator2Driver@d06e]&amp#27;[0m Matched '/element/00000000-0000-0096-ffff-ffff00000021/click' to command name 'click'
&amp#27;[38;5;113m[14250cea]&amp#27;[0m&amp#27;[38;5;-172m[AndroidUiautomator2Driver@d06e]&amp#27;[0m Proxying [POST /element/00000000-0000-0096-ffff-ffff00000021/click] to [POST http://127.0.0.1:8202/session/9b1c93d1-3502-4962-96df-af115f97ad96/element/00000000-0000-0096-ffff-ffff00000021/click] with body: {"element":"00000000-0000-0096-ffff-ffff00000021"}
&amp#27;[38;5;113m[14250cea]&amp#27;[0m&amp#27;[38;5;-172m[AndroidUiautomator2Driver@d06e]&amp#27;[0m Got response with status 200: {"sessionId":"9b1c93d1-3502-4962-96df-af115f97ad96","value":null}
&amp#27;[38;5;113m[14250cea]&amp#27;[0m&amp#27;[38;5;-172m[AndroidUiautomator2Driver@d06e]&amp#27;[0m Responding to client with driver.click() result: null
&amp#27;[38;5;113m[14250cea]&amp#27;[0m&amp#27;[38;5;86m[HTTP]&amp#27;[0m &amp#27;[37m<-- POST /session/14250cea-bf0d-49ae-95a9-e27a010742cc/element/00000000-0000-0096-ffff-ffff00000021/click &amp#27;[39m&amp#27;[32m200&amp#27;[39m &amp#27;[90m73 ms - 14&amp#27;[39m &amp#27;[90m&amp#27;[39m
&amp#27;[38;5;113m[14250cea]&amp#27;[0m&amp#27;[38;5;86m[HTTP]&amp#27;[0m &amp#27;[37m-->&amp#27;[39m &amp#27;[37mPOST&amp#27;[39m &amp#27;[37m/session/14250cea-bf0d-49ae-95a9-e27a010742cc/element&amp#27;[39m &amp#27;[90m{"using":"-android uiautomator","value":"new UiScrollable(new UiSelector()).scrollIntoView(text(\"Jordan 6 Rings\"))"}&amp#27;[39m
&amp#27;[38;5;113m[14250cea]&amp#27;[0m&amp#27;[38;5;-172m[AndroidUiautomator2Driver@d06e]&amp#27;[0m Calling AppiumDriver.findElement() with args: ["-android uiautomator","new UiScrollable(new UiSelector()).scrollIntoView(text(\"Jordan 6 Rings\"))","14250cea-bf0d-49ae-95a9-e27a010742cc"]
&amp#27;[38;5;113m[14250cea]&amp#27;[0m&amp#27;[38;5;-172m[AndroidUiautomator2Driver@d06e]&amp#27;[0m Valid locator strategies for this request: xpath, id, class name, accessibility id, css selector, -android uiautomator
&amp#27;[38;5;113m[14250cea]&amp#27;[0m&amp#27;[38;5;-172m[AndroidUiautomator2Driver@d06e]&amp#27;[0m Waiting up to 10000 ms for condition
&amp#27;[38;5;113m[14250cea]&amp#27;[0m&amp#27;[38;5;-172m[AndroidUiautomator2Driver@d06e]&amp#27;[0m Matched '/element' to command name 'findElement'
&amp#27;[38;5;113m[14250cea]&amp#27;[0m&amp#27;[38;5;-172m[AndroidUiautomator2Driver@d06e]&amp#27;[0m Proxying [POST /element] to [POST http://127.0.0.1:8202/session/9b1c93d1-3502-4962-96df-af115f97ad96/element] with body: {"strategy":"-android uiautomator","selector":"new UiScrollable(new UiSelector()).scrollIntoView(text(\"Jordan 6 Rings\"))","context":"","multiple":false}
&amp#27;[38;5;113m[14250cea]&amp#27;[0m&amp#27;[38;5;-172m[AndroidUiautomator2Driver@d06e]&amp#27;[0m Got response with status 200: {"sessionId":"9b1c93d1-3502-4962-96df-af115f97ad96","value":{"ELEMENT":"00000000-0000-0098-ffff-ffff00000076","element-6066-11e4-a52e-4f735466cecf":"00000000-0000-0098-ffff-ffff00000076"}}
&amp#27;[38;5;113m[14250cea]&amp#27;[0m&amp#27;[38;5;-172m[AndroidUiautomator2Driver@d06e]&amp#27;[0m Responding to client with driver.findElement() result: {"element-6066-11e4-a52e-4f735466cecf":"00000000-0000-0098-ffff-ffff00000076","ELEMENT":"00000000-0000-0098-ffff-ffff00000076"}
&amp#27;[38;5;113m[14250cea]&amp#27;[0m&amp#27;[38;5;86m[HTTP]&amp#27;[0m &amp#27;[37m<-- POST /session/14250cea-bf0d-49ae-95a9-e27a010742cc/element &amp#27;[39m&amp#27;[32m200&amp#27;[39m &amp#27;[90m6780 ms - 137&amp#27;[39m &amp#27;[90m&amp#27;[39m
&amp#27;[38;5;113m[14250cea]&amp#27;[0m&amp#27;[38;5;86m[HTTP]&amp#27;[0m &amp#27;[37m-->&amp#27;[39m &amp#27;[37mPOST&amp#27;[39m &amp#27;[37m/session/14250cea-bf0d-49ae-95a9-e27a010742cc/element/00000000-0000-0098-ffff-ffff00000076/click&amp#27;[39m &amp#27;[90m{"id":"00000000-0000-0098-ffff-ffff00000076"}&amp#27;[39m
&amp#27;[38;5;113m[14250cea]&amp#27;[0m&amp#27;[38;5;-172m[AndroidUiautomator2Driver@d06e]&amp#27;[0m Calling AppiumDriver.click() with args: ["00000000-0000-0098-ffff-ffff00000076","14250cea-bf0d-49ae-95a9-e27a010742cc"]
&amp#27;[38;5;113m[14250cea]&amp#27;[0m&amp#27;[38;5;-172m[AndroidUiautomator2Driver@d06e]&amp#27;[0m Matched '/element/00000000-0000-0098-ffff-ffff00000076/click' to command name 'click'
&amp#27;[38;5;113m[14250cea]&amp#27;[0m&amp#27;[38;5;-172m[AndroidUiautomator2Driver@d06e]&amp#27;[0m Proxying [POST /element/00000000-0000-0098-ffff-ffff00000076/click] to [POST http://127.0.0.1:8202/session/9b1c93d1-3502-4962-96df-af115f97ad96/element/00000000-0000-0098-ffff-ffff00000076/click] with body: {"element":"00000000-0000-0098-ffff-ffff00000076"}
&amp#27;[38;5;113m[14250cea]&amp#27;[0m&amp#27;[38;5;-172m[AndroidUiautomator2Driver@d06e]&amp#27;[0m Got response with status 200: {"sessionId":"9b1c93d1-3502-4962-96df-af115f97ad96","value":null}
&amp#27;[38;5;113m[14250cea]&amp#27;[0m&amp#27;[38;5;-172m[AndroidUiautomator2Driver@d06e]&amp#27;[0m Responding to client with driver.click() result: null
&amp#27;[38;5;113m[14250cea]&amp#27;[0m&amp#27;[38;5;86m[HTTP]&amp#27;[0m &amp#27;[37m<-- POST /session/14250cea-bf0d-49ae-95a9-e27a010742cc/element/00000000-0000-0098-ffff-ffff00000076/click &amp#27;[39m&amp#27;[32m200&amp#27;[39m &amp#27;[90m76 ms - 14&amp#27;[39m &amp#27;[90m&amp#27;[39m
&amp#27;[38;5;113m[14250cea]&amp#27;[0m&amp#27;[38;5;86m[HTTP]&amp#27;[0m &amp#27;[37m-->&amp#27;[39m &amp#27;[37mPOST&amp#27;[39m &amp#27;[37m/session/14250cea-bf0d-49ae-95a9-e27a010742cc/elements&amp#27;[39m &amp#27;[90m{"using":"id","value":"com.androidsample.generalstore:id/productName"}&amp#27;[39m
&amp#27;[38;5;113m[14250cea]&amp#27;[0m&amp#27;[38;5;-172m[AndroidUiautomator2Driver@d06e]&amp#27;[0m Calling AppiumDriver.findElements() with args: ["id","com.androidsample.generalstore:id/productName","14250cea-bf0d-49ae-95a9-e27a010742cc"]
&amp#27;[38;5;113m[14250cea]&amp#27;[0m&amp#27;[38;5;-172m[AndroidUiautomator2Driver@d06e]&amp#27;[0m Valid locator strategies for this request: xpath, id, class name, accessibility id, css selector, -android uiautomator
&amp#27;[38;5;113m[14250cea]&amp#27;[0m&amp#27;[38;5;-172m[AndroidUiautomator2Driver@d06e]&amp#27;[0m Waiting up to 10000 ms for condition
&amp#27;[38;5;113m[14250cea]&amp#27;[0m&amp#27;[38;5;-172m[AndroidUiautomator2Driver@d06e]&amp#27;[0m Matched '/elements' to command name 'findElements'
&amp#27;[38;5;113m[14250cea]&amp#27;[0m&amp#27;[38;5;-172m[AndroidUiautomator2Driver@d06e]&amp#27;[0m Proxying [POST /elements] to [POST http://127.0.0.1:8202/session/9b1c93d1-3502-4962-96df-af115f97ad96/elements] with body: {"strategy":"id","selector":"com.androidsample.generalstore:id/productName","context":"","multiple":true}
&amp#27;[38;5;113m[14250cea]&amp#27;[0m&amp#27;[38;5;-172m[AndroidUiautomator2Driver@d06e]&amp#27;[0m Got response with status 200: {"sessionId":"9b1c93d1-3502-4962-96df-af115f97ad96","value":[{"ELEMENT":"00000000-0000-0098-ffff-ffff00000076","element-6066-11e4-a52e-4f735466cecf":"00000000-0000-0098-ffff-ffff00000076"},{"ELEMENT":"00000000-0000-0098-ffff-ffff0000007e","element-6066-11e4-a52e-4f735466cecf":"00000000-0000-0098-ffff-ffff0000007e"}]}
&amp#27;[38;5;113m[14250cea]&amp#27;[0m&amp#27;[38;5;-172m[AndroidUiautomator2Driver@d06e]&amp#27;[0m Responding to client with driver.findElements() result: [{"element-6066-11e4-a52e-4f735466cecf":"00000000-0000-0098-ffff-ffff00000076","ELEMENT":"00000000-0000-0098-ffff-ffff00000076"},{"element-6066-11e4-a52e-4f735466cecf":"00000000-0000-0098-ffff-ffff0000007e","ELEMENT":"00000000-0000-0098-ffff-ffff0000007e"}]
&amp#27;[38;5;113m[14250cea]&amp#27;[0m&amp#27;[38;5;86m[HTTP]&amp#27;[0m &amp#27;[37m<-- POST /session/14250cea-bf0d-49ae-95a9-e27a010742cc/elements &amp#27;[39m&amp#27;[32m200&amp#27;[39m &amp#27;[90m34 ms - 267&amp#27;[39m &amp#27;[90m&amp#27;[39m
&amp#27;[38;5;113m[14250cea]&amp#27;[0m&amp#27;[38;5;86m[HTTP]&amp#27;[0m &amp#27;[37m-->&amp#27;[39m &amp#27;[37mPOST&amp#27;[39m &amp#27;[37m/session/14250cea-bf0d-49ae-95a9-e27a010742cc/elements&amp#27;[39m &amp#27;[90m{"using":"id","value":"com.androidsample.generalstore:id/productName"}&amp#27;[39m
&amp#27;[38;5;113m[14250cea]&amp#27;[0m&amp#27;[38;5;-172m[AndroidUiautomator2Driver@d06e]&amp#27;[0m Calling AppiumDriver.findElements() with args: ["id","com.androidsample.generalstore:id/productName","14250cea-bf0d-49ae-95a9-e27a010742cc"]
&amp#27;[38;5;113m[14250cea]&amp#27;[0m&amp#27;[38;5;-172m[AndroidUiautomator2Driver@d06e]&amp#27;[0m Valid locator strategies for this request: xpath, id, class name, accessibility id, css selector, -android uiautomator
&amp#27;[38;5;113m[14250cea]&amp#27;[0m&amp#27;[38;5;-172m[AndroidUiautomator2Driver@d06e]&amp#27;[0m Waiting up to 10000 ms for condition
&amp#27;[38;5;113m[14250cea]&amp#27;[0m&amp#27;[38;5;-172m[AndroidUiautomator2Driver@d06e]&amp#27;[0m Matched '/elements' to command name 'findElements'
&amp#27;[38;5;113m[14250cea]&amp#27;[0m&amp#27;[38;5;-172m[AndroidUiautomator2Driver@d06e]&amp#27;[0m Proxying [POST /elements] to [POST http://127.0.0.1:8202/session/9b1c93d1-3502-4962-96df-af115f97ad96/elements] with body: {"strategy":"id","selector":"com.androidsample.generalstore:id/productName","context":"","multiple":true}
[...]
&amp#27;[38;5;84m[f0847bb9]&amp#27;[0m&amp#27;[38;5;-101m[AndroidUiautomator2Driver@2729]&amp#27;[0m Responding to client with driver.findElement() result: {"element-6066-11e4-a52e-4f735466cecf":"00000000-0000-00a4-ffff-ffff00000020","ELEMENT":"00000000-0000-00a4-ffff-ffff00000020"}
&amp#27;[38;5;84m[f0847bb9]&amp#27;[0m&amp#27;[38;5;86m[HTTP]&amp#27;[0m &amp#27;[37m<-- POST /session/f0847bb9-a459-477d-a034-4e1e2759d3eb/element &amp#27;[39m&amp#27;[32m200&amp#27;[39m &amp#27;[90m4180 ms - 137&amp#27;[39m &amp#27;[90m&amp#27;[39m
&amp#27;[38;5;84m[f0847bb9]&amp#27;[0m&amp#27;[38;5;86m[HTTP]&amp#27;[0m &amp#27;[37m-->&amp#27;[39m &amp#27;[37mPOST&amp#27;[39m &amp#27;[37m/session/f0847bb9-a459-477d-a034-4e1e2759d3eb/element/00000000-0000-00a4-ffff-ffff00000020/click&amp#27;[39m &amp#27;[90m{"id":"00000000-0000-00a4-ffff-ffff00000020"}&amp#27;[39m
&amp#27;[38;5;84m[f0847bb9]&amp#27;[0m&amp#27;[38;5;-101m[AndroidUiautomator2Driver@2729]&amp#27;[0m Calling AppiumDriver.click() with args: ["00000000-0000-00a4-ffff-ffff00000020","f0847bb9-a459-477d-a034-4e1e2759d3eb"]
&amp#27;[38;5;84m[f0847bb9]&amp#27;[0m&amp#27;[38;5;-101m[AndroidUiautomator2Driver@2729]&amp#27;[0m Matched '/element/00000000-0000-00a4-ffff-ffff00000020/click' to command name 'click'
&amp#27;[38;5;84m[f0847bb9]&amp#27;[0m&amp#27;[38;5;-101m[AndroidUiautomator2Driver@2729]&amp#27;[0m Proxying [POST /element/00000000-0000-00a4-ffff-ffff00000020/click] to [POST http://127.0.0.1:8202/session/c50482b4-7748-48e9-841f-82bac97789c2/element/00000000-0000-00a4-ffff-ffff00000020/click] with body: {"element":"00000000-0000-00a4-ffff-ffff00000020"}
&amp#27;[38;5;84m[f0847bb9]&amp#27;[0m&amp#27;[38;5;-101m[AndroidUiautomator2Driver@2729]&amp#27;[0m Got response with status 200: {"sessionId":"c50482b4-7748-48e9-841f-82bac97789c2","value":null}
&amp#27;[38;5;84m[f0847bb9]&amp#27;[0m&amp#27;[38;5;-101m[AndroidUiautomator2Driver@2729]&amp#27;[0m Responding to client with driver.click() result: null
&amp#27;[38;5;84m[f0847bb9]&amp#27;[0m&amp#27;[38;5;86m[HTTP]&amp#27;[0m &amp#27;[37m<-- POST /session/f0847bb9-a459-477d-a034-4e1e2759d3eb/element/00000000-0000-00a4-ffff-ffff00000020/click &amp#27;[39m&amp#27;[32m200&amp#27;[39m &amp#27;[90m71 ms - 14&amp#27;[39m &amp#27;[90m&amp#27;[39m
&amp#27;[38;5;84m[f0847bb9]&amp#27;[0m&amp#27;[38;5;86m[HTTP]&amp#27;[0m &amp#27;[37m-->&amp#27;[39m &amp#27;[37mPOST&amp#27;[39m &amp#27;[37m/session/f0847bb9-a459-477d-a034-4e1e2759d3eb/element&amp#27;[39m &amp#27;[90m{"using":"id","value":"com.androidsample.generalstore:id/nameField"}&amp#27;[39m
&amp#27;[38;5;84m[f0847bb9]&amp#27;[0m&amp#27;[38;5;-101m[AndroidUiautomator2Driver@2729]&amp#27;[0m Calling AppiumDriver.findElement() with args: ["id","com.androidsample.generalstore:id/nameField","f0847bb9-a459-477d-a034-4e1e2759d3eb"]
&amp#27;[38;5;84m[f0847bb9]&amp#27;[0m&amp#27;[38;5;-101m[AndroidUiautomator2Driver@2729]&amp#27;[0m Valid locator strategies for this request: xpath, id, class name, accessibility id, css selector, -android uiautomator
&amp#27;[38;5;84m[f0847bb9]&amp#27;[0m&amp#27;[38;5;-101m[AndroidUiautomator2Driver@2729]&amp#27;[0m Waiting up to 10000 ms for condition
&amp#27;[38;5;84m[f0847bb9]&amp#27;[0m&amp#27;[38;5;-101m[AndroidUiautomator2Driver@2729]&amp#27;[0m Matched '/element' to command name 'findElement'
&amp#27;[38;5;84m[f0847bb9]&amp#27;[0m&amp#27;[38;5;-101m[AndroidUiautomator2Driver@2729]&amp#27;[0m Proxying [POST /element] to [POST http://127.0.0.1:8202/session/c50482b4-7748-48e9-841f-82bac97789c2/element] with body: {"strategy":"id","selector":"com.androidsample.generalstore:id/nameField","context":"","multiple":false}
&amp#27;[38;5;84m[f0847bb9]&amp#27;[0m&amp#27;[38;5;-101m[AndroidUiautomator2Driver@2729]&amp#27;[0m Got response with status 200: {"sessionId":"c50482b4-7748-48e9-841f-82bac97789c2","value":{"ELEMENT":"00000000-0000-00a4-ffff-ffff0000001c","element-6066-11e4-a52e-4f735466cecf":"00000000-0000-00a4-ffff-ffff0000001c"}}
&amp#27;[38;5;84m[f0847bb9]&amp#27;[0m&amp#27;[38;5;-101m[AndroidUiautomator2Driver@2729]&amp#27;[0m Responding to client with driver.findElement() result: {"element-6066-11e4-a52e-4f735466cecf":"00000000-0000-00a4-ffff-ffff0000001c","ELEMENT":"00000000-0000-00a4-ffff-ffff0000001c"}
&amp#27;[38;5;84m[f0847bb9]&amp#27;[0m&amp#27;[38;5;86m[HTTP]&amp#27;[0m &amp#27;[37m<-- POST /session/f0847bb9-a459-477d-a034-4e1e2759d3eb/element &amp#27;[39m&amp#27;[32m200&amp#27;[39m &amp#27;[90m35 ms - 137&amp#27;[39m &amp#27;[90m&amp#27;[39m
&amp#27;[38;5;84m[f0847bb9]&amp#27;[0m&amp#27;[38;5;86m[HTTP]&amp#27;[0m &amp#27;[37m-->&amp#27;[39m &amp#27;[37mPOST&amp#27;[39m &amp#27;[37m/session/f0847bb9-a459-477d-a034-4e1e2759d3eb/element/00000000-0000-00a4-ffff-ffff0000001c/value&amp#27;[39m &amp#27;[90m{"id":"00000000-0000-00a4-ffff-ffff0000001c","value":["d","e","e","p","a","k"," ","j","a","g","t","a","p"," ","q","a"],"text":"deepak jagtap qa"}&amp#27;[39m
&amp#27;[38;5;84m[f0847bb9]&amp#27;[0m&amp#27;[38;5;-101m[AndroidUiautomator2Driver@2729]&amp#27;[0m Calling AppiumDriver.setValue() with args: [["d","e","e","p","a","k"," ","j","a","g","t","a","p"," ","q","a"],"00000000-0000-00a4-ffff-ffff0000001c","f0847bb9-a459-477d-a034-4e1e2759d3eb"]
&amp#27;[38;5;84m[f0847bb9]&amp#27;[0m&amp#27;[38;5;-101m[AndroidUiautomator2Driver@2729]&amp#27;[0m Matched '/element/00000000-0000-00a4-ffff-ffff0000001c/value' to command name 'setValue'
&amp#27;[38;5;84m[f0847bb9]&amp#27;[0m&amp#27;[38;5;-101m[AndroidUiautomator2Driver@2729]&amp#27;[0m Added 'value' property ["d","e","e","p","a","k"," ","j","a","g","t","a","p"," ","q","a"] to 'setValue' request body
&amp#27;[38;5;84m[f0847bb9]&amp#27;[0m&amp#27;[38;5;-101m[AndroidUiautomator2Driver@2729]&amp#27;[0m Proxying [POST /element/00000000-0000-00a4-ffff-ffff0000001c/value] to [POST http://127.0.0.1:8202/session/c50482b4-7748-48e9-841f-82bac97789c2/element/00000000-0000-00a4-ffff-ffff0000001c/value] with body: {"elementId":"00000000-0000-00a4-ffff-ffff0000001c","text":"deepak jagtap qa","replace":false,"value":["d","e","e","p","a","k"," ","j","a","g","t","a","p"," ","q","a"]}
&amp#27;[38;5;84m[f0847bb9]&amp#27;[0m&amp#27;[38;5;-101m[AndroidUiautomator2Driver@2729]&amp#27;[0m Got response with status 200: {"sessionId":"c50482b4-7748-48e9-841f-82bac97789c2","value":null}
&amp#27;[38;5;84m[f0847bb9]&amp#27;[0m&amp#27;[38;5;-101m[AndroidUiautomator2Driver@2729]&amp#27;[0m Responding to client with driver.setValue() result: null
&amp#27;[38;5;84m[f0847bb9]&amp#27;[0m&amp#27;[38;5;86m[HTTP]&amp#27;[0m &amp#27;[37m<-- POST /session/f0847bb9-a459-477d-a034-4e1e2759d3eb/element/00000000-0000-00a4-ffff-ffff0000001c/value &amp#27;[39m&amp#27;[32m200&amp#27;[39m &amp#27;[90m1339 ms - 14&amp#27;[39m &amp#27;[90m&amp#27;[39m
&amp#27;[38;5;84m[f0847bb9]&amp#27;[0m&amp#27;[38;5;86m[HTTP]&amp#27;[0m &amp#27;[37m-->&amp#27;[39m &amp#27;[37mPOST&amp#27;[39m &amp#27;[37m/session/f0847bb9-a459-477d-a034-4e1e2759d3eb/execute/sync&amp#27;[39m &amp#27;[90m{"args":[],"script":"mobile: hideKeyboard"}&amp#27;[39m
&amp#27;[38;5;84m[f0847bb9]&amp#27;[0m&amp#27;[38;5;-101m[AndroidUiautomator2Driver@2729]&amp#27;[0m Calling AppiumDriver.execute() with args: ["mobile: hideKeyboard",[],"f0847bb9-a459-477d-a034-4e1e2759d3eb"]
&amp#27;[38;5;84m[f0847bb9]&amp#27;[0m&amp#27;[38;5;229m[ADB]&amp#27;[0m Running 'C:\Users\deepak.jagtap\AppData\Local\Android\Sdk\platform-tools\adb.exe -P 5037 -s emulator-5554 shell dumpsys input_method'
&amp#27;[38;5;84m[f0847bb9]&amp#27;[0m&amp#27;[38;5;229m[ADB]&amp#27;[0m Keyboard has no UI; no closing necessary
&amp#27;[38;5;84m[f0847bb9]&amp#27;[0m&amp#27;[38;5;-101m[AndroidUiautomator2Driver@2729]&amp#27;[0m Responding to client with driver.execute() result: false
&amp#27;[38;5;84m[f0847bb9]&amp#27;[0m&amp#27;[38;5;86m[HTTP]&amp#27;[0m &amp#27;[37m<-- POST /session/f0847bb9-a459-477d-a034-4e1e2759d3eb/execute/sync &amp#27;[39m&amp#27;[32m200&amp#27;[39m &amp#27;[90m522 ms - 15&amp#27;[39m &amp#27;[90m&amp#27;[39m
&amp#27;[38;5;84m[f0847bb9]&amp#27;[0m&amp#27;[38;5;86m[HTTP]&amp#27;[0m &amp#27;[37m-->&amp#27;[39m &amp#27;[37mPOST&amp#27;[39m &amp#27;[37m/session/f0847bb9-a459-477d-a034-4e1e2759d3eb/element&amp#27;[39m &amp#27;[90m{"using":"id","value":"android:id/text1"}&amp#27;[39m
&amp#27;[38;5;84m[f0847bb9]&amp#27;[0m&amp#27;[38;5;-101m[AndroidUiautomator2Driver@2729]&amp#27;[0m Calling AppiumDriver.findElement() with args: ["id","android:id/text1","f0847bb9-a459-477d-a034-4e1e2759d3eb"]
&amp#27;[38;5;84m[f0847bb9]&amp#27;[0m&amp#27;[38;5;-101m[AndroidUiautomator2Driver@2729]&amp#27;[0m Valid locator strategies for this request: xpath, id, class name, accessibility id, css selector, -android uiautomator
&amp#27;[38;5;84m[f0847bb9]&amp#27;[0m&amp#27;[38;5;-101m[AndroidUiautomator2Driver@2729]&amp#27;[0m Waiting up to 10000 ms for condition
&amp#27;[38;5;84m[f0847bb9]&amp#27;[0m&amp#27;[38;5;-101m[AndroidUiautomator2Driver@2729]&amp#27;[0m Matched '/element' to command name 'findElement'
&amp#27;[38;5;84m[f0847bb9]&amp#27;[0m&amp#27;[38;5;-101m[AndroidUiautomator2Driver@2729]&amp#27;[0m Proxying [POST /element] to [POST http://127.0.0.1:8202/session/c50482b4-7748-48e9-841f-82bac97789c2/element] with body: {"strategy":"id","selector":"android:id/text1","context":"","multiple":false}
&amp#27;[38;5;84m[f0847bb9]&amp#27;[0m&amp#27;[38;5;-101m[AndroidUiautomator2Driver@2729]&amp#27;[0m Got response with status 200: {"sessionId":"c50482b4-7748-48e9-841f-82bac97789c2","value":{"ELEMENT":"00000000-0000-00a4-ffff-ffff00000024","element-6066-11e4-a52e-4f735466cecf":"00000000-0000-00a4-ffff-ffff00000024"}}
&amp#27;[38;5;84m[f0847bb9]&amp#27;[0m&amp#27;[38;5;-101m[AndroidUiautomator2Driver@2729]&amp#27;[0m Responding to client with driver.findElement() result: {"element-6066-11e4-a52e-4f735466cecf":"00000000-0000-00a4-ffff-ffff00000024","ELEMENT":"00000000-0000-00a4-ffff-ffff00000024"}
&amp#27;[38;5;84m[f0847bb9]&amp#27;[0m&amp#27;[38;5;86m[HTTP]&amp#27;[0m &amp#27;[37m<-- POST /session/f0847bb9-a459-477d-a034-4e1e2759d3eb/element &amp#27;[39m&amp#27;[32m200&amp#27;[39m &amp#27;[90m19 ms - 137&amp#27;[39m &amp#27;[90m&amp#27;[39m
&amp#27;[38;5;84m[f0847bb9]&amp#27;[0m&amp#27;[38;5;86m[HTTP]&amp#27;[0m &amp#27;[37m-->&amp#27;[39m &amp#27;[37mPOST&amp#27;[39m &amp#27;[37m/session/f0847bb9-a459-477d-a034-4e1e2759d3eb/element/00000000-0000-00a4-ffff-ffff00000024/click&amp#27;[39m &amp#27;[90m{"id":"00000000-0000-00a4-ffff-ffff00000024"}&amp#27;[39m
&amp#27;[38;5;84m[f0847bb9]&amp#27;[0m&amp#27;[38;5;-101m[AndroidUiautomator2Driver@2729]&amp#27;[0m Calling AppiumDriver.click() with args: ["00000000-0000-00a4-ffff-ffff00000024","f0847bb9-a459-477d-a034-4e1e2759d3eb"]
&amp#27;[38;5;84m[f0847bb9]&amp#27;[0m&amp#27;[38;5;-101m[AndroidUiautomator2Driver@2729]&amp#27;[0m Matched '/element/00000000-0000-00a4-ffff-ffff00000024/click' to command name 'click'
&amp#27;[38;5;84m[f0847bb9]&amp#27;[0m&amp#27;[38;5;-101m[AndroidUiautomator2Driver@2729]&amp#27;[0m Proxying [POST /element/00000000-0000-00a4-ffff-ffff00000024/click] to [POST http://127.0.0.1:8202/session/c50482b4-7748-48e9-841f-82bac97789c2/element/00000000-0000-00a4-ffff-ffff00000024/click] with body: {"element":"00000000-0000-00a4-ffff-ffff00000024"}
&amp#27;[38;5;84m[f0847bb9]&amp#27;[0m&amp#27;[38;5;-101m[AndroidUiautomator2Driver@2729]&amp#27;[0m Got response with status 200: {"sessionId":"c50482b4-7748-48e9-841f-82bac97789c2","value":null}
&amp#27;[38;5;84m[f0847bb9]&amp#27;[0m&amp#27;[38;5;-101m[AndroidUiautomator2Driver@2729]&amp#27;[0m Responding to client with driver.click() result: null
&amp#27;[38;5;84m[f0847bb9]&amp#27;[0m&amp#27;[38;5;86m[HTTP]&amp#27;[0m &amp#27;[37m<-- POST /session/f0847bb9-a459-477d-a034-4e1e2759d3eb/element/00000000-0000-00a4-ffff-ffff00000024/click &amp#27;[39m&amp#27;[32m200&amp#27;[39m &amp#27;[90m79 ms - 14&amp#27;[39m &amp#27;[90m&amp#27;[39m
&amp#27;[38;5;84m[f0847bb9]&amp#27;[0m&amp#27;[38;5;86m[HTTP]&amp#27;[0m &amp#27;[37m-->&amp#27;[39m &amp#27;[37mPOST&amp#27;[39m &amp#27;[37m/session/f0847bb9-a459-477d-a034-4e1e2759d3eb/element&amp#27;[39m &amp#27;[90m{"using":"-android uiautomator","value":"new UiScrollable(new UiSelector()).scrollIntoView(text(\"Argentina\"))"}&amp#27;[39m
&amp#27;[38;5;84m[f0847bb9]&amp#27;[0m&amp#27;[38;5;-101m[AndroidUiautomator2Driver@2729]&amp#27;[0m Calling AppiumDriver.findElement() with args: ["-android uiautomator","new UiScrollable(new UiSelector()).scrollIntoView(text(\"Argentina\"))","f0847bb9-a459-477d-a034-4e1e2759d3eb"]
&amp#27;[38;5;84m[f0847bb9]&amp#27;[0m&amp#27;[38;5;-101m[AndroidUiautomator2Driver@2729]&amp#27;[0m Valid locator strategies for this request: xpath, id, class name, accessibility id, css selector, -android uiautomator
&amp#27;[38;5;84m[f0847bb9]&amp#27;[0m&amp#27;[38;5;-101m[AndroidUiautomator2Driver@2729]&amp#27;[0m Waiting up to 10000 ms for condition
&amp#27;[38;5;84m[f0847bb9]&amp#27;[0m&amp#27;[38;5;-101m[AndroidUiautomator2Driver@2729]&amp#27;[0m Matched '/element' to command name 'findElement'
&amp#27;[38;5;84m[f0847bb9]&amp#27;[0m&amp#27;[38;5;-101m[AndroidUiautomator2Driver@2729]&amp#27;[0m Proxying [POST /element] to [POST http://127.0.0.1:8202/session/c50482b4-7748-48e9-841f-82bac97789c2/element] with body: {"strategy":"-android uiautomator","selector":"new UiScrollable(new UiSelector()).scrollIntoView(text(\"Argentina\"))","context":"","multiple":false}
&amp#27;[38;5;84m[f0847bb9]&amp#27;[0m&amp#27;[38;5;-101m[AndroidUiautomator2Driver@2729]&amp#27;[0m Got response with status 200: {"sessionId":"c50482b4-7748-48e9-841f-82bac97789c2","value":{"ELEMENT":"00000000-0000-00a5-ffff-ffff00000032","element-6066-11e4-a52e-4f735466cecf":"00000000-0000-00a5-ffff-ffff00000032"}}
&amp#27;[38;5;84m[f0847bb9]&amp#27;[0m&amp#27;[38;5;-101m[AndroidUiautomator2Driver@2729]&amp#27;[0m Responding to client with driver.findElement() result: {"element-6066-11e4-a52e-4f735466cecf":"00000000-0000-00a5-ffff-ffff00000032","ELEMENT":"00000000-0000-00a5-ffff-ffff00000032"}
&amp#27;[38;5;84m[f0847bb9]&amp#27;[0m&amp#27;[38;5;86m[HTTP]&amp#27;[0m &amp#27;[37m<-- POST /session/f0847bb9-a459-477d-a034-4e1e2759d3eb/element &amp#27;[39m&amp#27;[32m200&amp#27;[39m &amp#27;[90m4113 ms - 137&amp#27;[39m &amp#27;[90m&amp#27;[39m
&amp#27;[38;5;84m[f0847bb9]&amp#27;[0m&amp#27;[38;5;86m[HTTP]&amp#27;[0m &amp#27;[37m-->&amp#27;[39m &amp#27;[37mPOST&amp#27;[39m &amp#27;[37m/session/f0847bb9-a459-477d-a034-4e1e2759d3eb/element/00000000-0000-00a5-ffff-ffff00000032/click&amp#27;[39m &amp#27;[90m{"id":"00000000-0000-00a5-ffff-ffff00000032"}&amp#27;[39m
&amp#27;[38;5;84m[f0847bb9]&amp#27;[0m&amp#27;[38;5;-101m[AndroidUiautomator2Driver@2729]&amp#27;[0m Calling AppiumDriver.click() with args: ["00000000-0000-00a5-ffff-ffff00000032","f0847bb9-a459-477d-a034-4e1e2759d3eb"]
&amp#27;[38;5;84m[f0847bb9]&amp#27;[0m&amp#27;[38;5;-101m[AndroidUiautomator2Driver@2729]&amp#27;[0m Matched '/element/00000000-0000-00a5-ffff-ffff00000032/click' to command name 'click'
&amp#27;[38;5;84m[f0847bb9]&amp#27;[0m&amp#27;[38;5;-101m[AndroidUiautomator2Driver@2729]&amp#27;[0m Proxying [POST /element/00000000-0000-00a5-ffff-ffff00000032/click] to [POST http://127.0.0.1:8202/session/c50482b4-7748-48e9-841f-82bac97789c2/element/00000000-0000-00a5-ffff-ffff00000032/click] with body: {"element":"00000000-0000-00a5-ffff-ffff00000032"}
&amp#27;[38;5;84m[f0847bb9]&amp#27;[0m&amp#27;[38;5;-101m[AndroidUiautomator2Driver@2729]&amp#27;[0m Got response with status 200: {"sessionId":"c50482b4-7748-48e9-841f-82bac97789c2","value":null}
&amp#27;[38;5;84m[f0847bb9]&amp#27;[0m&amp#27;[38;5;-101m[AndroidUiautomator2Driver@2729]&amp#27;[0m Responding to client with driver.click() result: null
&amp#27;[38;5;84m[f0847bb9]&amp#27;[0m&amp#27;[38;5;86m[HTTP]&amp#27;[0m &amp#27;[37m<-- POST /session/f0847bb9-a459-477d-a034-4e1e2759d3eb/element/00000000-0000-00a5-ffff-ffff00000032/click &amp#27;[39m&amp#27;[32m200&amp#27;[39m &amp#27;[90m699 ms - 14&amp#27;[39m &amp#27;[90m&amp#27;[39m
&amp#27;[38;5;84m[f0847bb9]&amp#27;[0m&amp#27;[38;5;86m[HTTP]&amp#27;[0m &amp#27;[37m-->&amp#27;[39m &amp#27;[37mPOST&amp#27;[39m &amp#27;[37m/session/f0847bb9-a459-477d-a034-4e1e2759d3eb/element&amp#27;[39m &amp#27;[90m{"using":"id","value":"com.androidsample.generalstore:id/btnLetsShop"}&amp#27;[39m
&amp#27;[38;5;84m[f0847bb9]&amp#27;[0m&amp#27;[38;5;-101m[AndroidUiautomator2Driver@2729]&amp#27;[0m Calling AppiumDriver.findElement() with args: ["id","com.androidsample.generalstore:id/btnLetsShop","f0847bb9-a459-477d-a034-4e1e2759d3eb"]
&amp#27;[38;5;84m[f0847bb9]&amp#27;[0m&amp#27;[38;5;-101m[AndroidUiautomator2Driver@2729]&amp#27;[0m Valid locator strategies for this request: xpath, id, class name, accessibility id, css selector, -android uiautomator
&amp#27;[38;5;84m[f0847bb9]&amp#27;[0m&amp#27;[38;5;-101m[AndroidUiautomator2Driver@2729]&amp#27;[0m Waiting up to 10000 ms for condition
&amp#27;[38;5;84m[f0847bb9]&amp#27;[0m&amp#27;[38;5;-101m[AndroidUiautomator2Driver@2729]&amp#27;[0m Matched '/element' to command name 'findElement'
&amp#27;[38;5;84m[f0847bb9]&amp#27;[0m&amp#27;[38;5;-101m[AndroidUiautomator2Driver@2729]&amp#27;[0m Proxying [POST /element] to [POST http://127.0.0.1:8202/session/c50482b4-7748-48e9-841f-82bac97789c2/element] with body: {"strategy":"id","selector":"com.androidsample.generalstore:id/btnLetsShop","context":"","multiple":false}
&amp#27;[38;5;84m[f0847bb9]&amp#27;[0m&amp#27;[38;5;-101m[AndroidUiautomator2Driver@2729]&amp#27;[0m Got response with status 200: {"sessionId":"c50482b4-7748-48e9-841f-82bac97789c2","value":{"ELEMENT":"00000000-0000-00a4-ffff-ffff00000021","element-6066-11e4-a52e-4f735466cecf":"00000000-0000-00a4-ffff-ffff00000021"}}
&amp#27;[38;5;84m[f0847bb9]&amp#27;[0m&amp#27;[38;5;-101m[AndroidUiautomator2Driver@2729]&amp#27;[0m Responding to client with driver.findElement() result: {"element-6066-11e4-a52e-4f735466cecf":"00000000-0000-00a4-ffff-ffff00000021","ELEMENT":"00000000-0000-00a4-ffff-ffff00000021"}
&amp#27;[38;5;84m[f0847bb9]&amp#27;[0m&amp#27;[38;5;86m[HTTP]&amp#27;[0m &amp#27;[37m<-- POST /session/f0847bb9-a459-477d-a034-4e1e2759d3eb/element &amp#27;[39m&amp#27;[32m200&amp#27;[39m &amp#27;[90m16 ms - 137&amp#27;[39m &amp#27;[90m&amp#27;[39m
&amp#27;[38;5;84m[f0847bb9]&amp#27;[0m&amp#27;[38;5;86m[HTTP]&amp#27;[0m &amp#27;[37m-->&amp#27;[39m &amp#27;[37mPOST&amp#27;[39m &amp#27;[37m/session/f0847bb9-a459-477d-a034-4e1e2759d3eb/element/00000000-0000-00a4-ffff-ffff00000021/click&amp#27;[39m &amp#27;[90m{"id":"00000000-0000-00a4-ffff-ffff00000021"}&amp#27;[39m
&amp#27;[38;5;84m[f0847bb9]&amp#27;[0m&amp#27;[38;5;-101m[AndroidUiautomator2Driver@2729]&amp#27;[0m Calling AppiumDriver.click() with args: ["00000000-0000-00a4-ffff-ffff00000021","f0847bb9-a459-477d-a034-4e1e2759d3eb"]
&amp#27;[38;5;84m[f0847bb9]&amp#27;[0m&amp#27;[38;5;-101m[AndroidUiautomator2Driver@2729]&amp#27;[0m Matched '/element/00000000-0000-00a4-ffff-ffff00000021/click' to command name 'click'
&amp#27;[38;5;84m[f0847bb9]&amp#27;[0m&amp#27;[38;5;-101m[AndroidUiautomator2Driver@2729]&amp#27;[0m Proxying [POST /element/00000000-0000-00a4-ffff-ffff00000021/click] to [POST http://127.0.0.1:8202/session/c50482b4-7748-48e9-841f-82bac97789c2/element/00000000-0000-00a4-ffff-ffff00000021/click] with body: {"element":"00000000-0000-00a4-ffff-ffff00000021"}
&amp#27;[38;5;84m[f0847bb9]&amp#27;[0m&amp#27;[38;5;-101m[AndroidUiautomator2Driver@2729]&amp#27;[0m Got response with status 200: {"sessionId":"c50482b4-7748-48e9-841f-82bac97789c2","value":null}
&amp#27;[38;5;84m[f0847bb9]&amp#27;[0m&amp#27;[38;5;-101m[AndroidUiautomator2Driver@2729]&amp#27;[0m Responding to client with driver.click() result: null
&amp#27;[38;5;84m[f0847bb9]&amp#27;[0m&amp#27;[38;5;86m[HTTP]&amp#27;[0m &amp#27;[37m<-- POST /session/f0847bb9-a459-477d-a034-4e1e2759d3eb/element/00000000-0000-00a4-ffff-ffff00000021/click &amp#27;[39m&amp#27;[32m200&amp#27;[39m &amp#27;[90m65 ms - 14&amp#27;[39m &amp#27;[90m&amp#27;[39m
]]></system-out>
  </testcase>
</testsuite>