<?xml version="1.0" encoding="UTF-8"?>
<testng-results ignored="1" total="2" passed="1" failed="0" skipped="0">
  <reporter-output>
  </reporter-output>
  <suite started-at="2025-04-13T18:50:42 IST" name="Suite" finished-at="2025-04-13T18:50:59 IST" duration-ms="17635">
    <groups>
    </groups>
    <test started-at="2025-04-13T18:50:42 IST" name="Test" finished-at="2025-04-13T18:50:59 IST" duration-ms="17635">
      <class name="org.deepakjagtap.TestCase">
        <test-method is-config="true" signature="ConfigureAppium()[pri:0, instance:org.deepakjagtap.TestCase@37afeb11]" started-at="2025-04-13T18:50:39 IST" name="ConfigureAppium" finished-at="2025-04-13T18:50:42 IST" duration-ms="3088" status="PASS">
          <reporter-output>
          </reporter-output>
        </test-method> <!-- ConfigureAppium -->
        <test-method is-config="true" signature="driverInstance()[pri:0, instance:org.deepakjagtap.TestCase@37afeb11]" started-at="2025-04-13T18:50:42 IST" name="driverInstance" finished-at="2025-04-13T18:50:49 IST" duration-ms="7751" status="PASS">
          <reporter-output>
          </reporter-output>
        </test-method> <!-- driverInstance -->
        <test-method signature="verifyUserCanFillForm()[pri:0, instance:org.deepakjagtap.TestCase@37afeb11]" started-at="2025-04-13T18:50:49 IST" name="verifyUserCanFillForm" finished-at="2025-04-13T18:50:59 IST" duration-ms="9098" status="PASS">
          <reporter-output>
          </reporter-output>
        </test-method> <!-- verifyUserCanFillForm -->
        <test-method is-config="true" signature="tearDown()[pri:0, instance:org.deepakjagtap.TestCase@37afeb11]" started-at="2025-04-13T18:50:59 IST" name="tearDown" finished-at="2025-04-13T18:50:59 IST" duration-ms="753" status="PASS">
          <reporter-output>
          </reporter-output>
        </test-method> <!-- tearDown -->
        <test-method is-config="true" signature="tearDownServer()[pri:0, instance:org.deepakjagtap.TestCase@37afeb11]" started-at="2025-04-13T18:50:59 IST" name="tearDownServer" finished-at="2025-04-13T18:50:59 IST" duration-ms="9" status="PASS">
          <reporter-output>
          </reporter-output>
        </test-method> <!-- tearDownServer -->
      </class> <!-- org.deepakjagtap.TestCase -->
    </test> <!-- Test -->
  </suite> <!-- Suite -->
</testng-results>
