<?xml version="1.0" encoding="UTF-8"?>
<testng-results ignored="0" total="4" passed="4" failed="0" skipped="0">
  <reporter-output>
  </reporter-output>
  <suite started-at="2025-03-26T16:19:17 IST" name="Default suite" finished-at="2025-03-26T16:20:47 IST" duration-ms="90480">
    <groups>
    </groups>
    <test started-at="2025-03-26T16:19:17 IST" name="Default test" finished-at="2025-03-26T16:20:47 IST" duration-ms="90480">
      <class name="deepakjagtap.appium.TestCases">
        <test-method is-config="true" signature="ConfigureAppium()[pri:0, instance:deepakjagtap.appium.TestCases@3c41ed1d]" started-at="2025-03-26T16:19:17 IST" name="ConfigureAppium" finished-at="2025-03-26T16:19:17 IST" duration-ms="112" status="PASS">
          <reporter-output>
          </reporter-output>
        </test-method> <!-- ConfigureAppium -->
        <test-method is-config="true" signature="driverInstance()[pri:0, instance:deepakjagtap.appium.TestCases@3c41ed1d]" started-at="2025-03-26T16:19:17 IST" name="driverInstance" finished-at="2025-03-26T16:19:26 IST" duration-ms="9247" status="PASS">
          <reporter-output>
          </reporter-output>
        </test-method> <!-- driverInstance -->
        <test-method signature="VerifyUserCanDoWifiSettingAndEnterInput()[pri:0, instance:deepakjagtap.appium.TestCases@3c41ed1d]" started-at="2025-03-26T16:19:26 IST" name="VerifyUserCanDoWifiSettingAndEnterInput" finished-at="2025-03-26T16:19:37 IST" duration-ms="10910" status="PASS">
          <reporter-output>
          </reporter-output>
        </test-method> <!-- VerifyUserCanDoWifiSettingAndEnterInput -->
        <test-method is-config="true" signature="tearDown()[pri:0, instance:deepakjagtap.appium.TestCases@3c41ed1d]" started-at="2025-03-26T16:19:37 IST" name="tearDown" finished-at="2025-03-26T16:19:38 IST" duration-ms="1454" status="PASS">
          <reporter-output>
          </reporter-output>
        </test-method> <!-- tearDown -->
        <test-method is-config="true" signature="driverInstance()[pri:0, instance:deepakjagtap.appium.TestCases@3c41ed1d]" started-at="2025-03-26T16:19:38 IST" name="driverInstance" finished-at="2025-03-26T16:19:47 IST" duration-ms="8608" status="PASS">
          <reporter-output>
          </reporter-output>
        </test-method> <!-- driverInstance -->
        <test-method signature="longPress_Gesture()[pri:0, instance:deepakjagtap.appium.TestCases@3c41ed1d]" started-at="2025-03-26T16:19:47 IST" name="longPress_Gesture" finished-at="2025-03-26T16:19:58 IST" duration-ms="10581" status="PASS">
          <reporter-output>
          </reporter-output>
        </test-method> <!-- longPress_Gesture -->
        <test-method is-config="true" signature="tearDown()[pri:0, instance:deepakjagtap.appium.TestCases@3c41ed1d]" started-at="2025-03-26T16:19:58 IST" name="tearDown" finished-at="2025-03-26T16:19:59 IST" duration-ms="1179" status="PASS">
          <reporter-output>
          </reporter-output>
        </test-method> <!-- tearDown -->
        <test-method is-config="true" signature="driverInstance()[pri:0, instance:deepakjagtap.appium.TestCases@3c41ed1d]" started-at="2025-03-26T16:19:59 IST" name="driverInstance" finished-at="2025-03-26T16:20:08 IST" duration-ms="9573" status="PASS">
          <reporter-output>
          </reporter-output>
        </test-method> <!-- driverInstance -->
        <test-method signature="verifyUserCan_ScrollToDesiredText_WithGooglePlugin()[pri:0, instance:deepakjagtap.appium.TestCases@3c41ed1d]" started-at="2025-03-26T16:20:08 IST" name="verifyUserCan_ScrollToDesiredText_WithGooglePlugin" finished-at="2025-03-26T16:20:21 IST" duration-ms="12228" status="PASS">
          <reporter-output>
          </reporter-output>
        </test-method> <!-- verifyUserCan_ScrollToDesiredText_WithGooglePlugin -->
        <test-method is-config="true" signature="tearDown()[pri:0, instance:deepakjagtap.appium.TestCases@3c41ed1d]" started-at="2025-03-26T16:20:21 IST" name="tearDown" finished-at="2025-03-26T16:20:22 IST" duration-ms="1143" status="PASS">
          <reporter-output>
          </reporter-output>
        </test-method> <!-- tearDown -->
        <test-method is-config="true" signature="driverInstance()[pri:0, instance:deepakjagtap.appium.TestCases@3c41ed1d]" started-at="2025-03-26T16:20:22 IST" name="driverInstance" finished-at="2025-03-26T16:20:30 IST" duration-ms="8094" status="PASS">
          <reporter-output>
          </reporter-output>
        </test-method> <!-- driverInstance -->
        <test-method signature="verifyUserCan_ScrollToEnd_WithJSExcecutor()[pri:0, instance:deepakjagtap.appium.TestCases@3c41ed1d]" started-at="2025-03-26T16:20:30 IST" name="verifyUserCan_ScrollToEnd_WithJSExcecutor" finished-at="2025-03-26T16:20:46 IST" duration-ms="16297" status="PASS">
          <reporter-output>
          </reporter-output>
        </test-method> <!-- verifyUserCan_ScrollToEnd_WithJSExcecutor -->
        <test-method is-config="true" signature="tearDown()[pri:0, instance:deepakjagtap.appium.TestCases@3c41ed1d]" started-at="2025-03-26T16:20:46 IST" name="tearDown" finished-at="2025-03-26T16:20:47 IST" duration-ms="1115" status="PASS">
          <reporter-output>
          </reporter-output>
        </test-method> <!-- tearDown -->
        <test-method is-config="true" signature="tearDownServer()[pri:0, instance:deepakjagtap.appium.TestCases@3c41ed1d]" started-at="2025-03-26T16:20:47 IST" name="tearDownServer" finished-at="2025-03-26T16:20:47 IST" duration-ms="7" status="PASS">
          <reporter-output>
          </reporter-output>
        </test-method> <!-- tearDownServer -->
      </class> <!-- deepakjagtap.appium.TestCases -->
    </test> <!-- Default test -->
  </suite> <!-- Default suite -->
</testng-results>
