<?xml version="1.0" encoding="UTF-8"?>
<!-- Generated by org.testng.reporters.JUnitXMLReporter -->
<testsuite ignored="1" hostname="PNQ1-LHP-N91337" failures="0" tests="1" name="Default test" time="17.148" errors="0" timestamp="2025-04-13T19:36:29 IST">
  <testcase classname="org.deepakjagtap.TestCase" name="verifyUserCanFillForm" time="9.537"/>
  <testcase classname="org.deepakjagtap.TestCase" name="verifyUserCanAddMultipleItemsInCartAndCheckTotalOfAllCartItemsPriceAndMakeOrder" time="0.0">
    <ignored/>
  </testcase> <!-- verifyUserCanAddMultipleItemsInCartAndCheckTotalOfAllCartItemsPriceAndMakeOrder -->
</testsuite> <!-- Default test -->
