<?xml version="1.0" encoding="UTF-8"?>
<!-- Generated by org.testng.reporters.JUnitXMLReporter -->
<testsuite ignored="2" hostname="PNQ1-LHP-N91337" failures="0" tests="0" time="0.001" errors="0" timestamp="2025-03-29T21:57:03 IST">
  <testcase classname="deepakjagtap.appium.scrollAction" name="scrollWithGooglePlugin" time="0.0">
    <ignored/>
  </testcase> <!-- scrollWithGooglePlugin -->
  <testcase classname="deepakjagtap.appium.scrollAction" name="scrollWithJSExcecutor" time="0.0">
    <ignored/>
  </testcase> <!-- scrollWithJSExcecutor -->
</testsuite>
