<?xml version="1.0" encoding="UTF-8"?>
<!-- Generated by org.testng.reporters.JUnitXMLReporter -->
<testsuite ignored="6" hostname="PNQ1-LHP-N91337" failures="0" tests="5" name="Test" time="112.611" errors="0" timestamp="2025-03-28T23:08:08 IST">
  <testcase classname="deepakjagtap.appium.SwipeAction" name="swipeActionGesture" time="8.529"/>
  <testcase classname="deepakjagtap.appium.LongPress" name="longPressGesture" time="13.253"/>
  <testcase classname="deepakjagtap.appium.scrollAction" name="scrollWithGooglePlugin" time="10.767"/>
  <testcase classname="deepakjagtap.appium.scrollAction" name="scrollWithJSExcecutor" time="18.115"/>
  <testcase classname="deepakjagtap.appium.DragDropDemo" name="DragDropTest" time="6.146"/>
  <testcase classname="deepakjagtap.appium.BaseTest" name="@AfterSuite tearDownServer" time="0.0">
    <ignored/>
  </testcase> <!-- @AfterSuite tearDownServer -->
  <testcase classname="deepakjagtap.appium.BaseTest" name="@BeforeSuite ConfigureAppium" time="0.0">
    <ignored/>
  </testcase> <!-- @BeforeSuite ConfigureAppium -->
  <testcase classname="deepakjagtap.appium.BaseTest" name="@AfterSuite tearDownServer" time="0.0">
    <ignored/>
  </testcase> <!-- @AfterSuite tearDownServer -->
  <testcase classname="deepakjagtap.appium.BaseTest" name="@AfterSuite tearDownServer" time="0.0">
    <ignored/>
  </testcase> <!-- @AfterSuite tearDownServer -->
  <testcase classname="deepakjagtap.appium.BaseTest" name="@BeforeSuite ConfigureAppium" time="0.0">
    <ignored/>
  </testcase> <!-- @BeforeSuite ConfigureAppium -->
  <testcase classname="deepakjagtap.appium.BaseTest" name="@BeforeSuite ConfigureAppium" time="0.0">
    <ignored/>
  </testcase> <!-- @BeforeSuite ConfigureAppium -->
</testsuite> <!-- Test -->
