<?xml version="1.0" encoding="UTF-8"?>
<!-- Generated by org.testng.reporters.JUnitXMLReporter -->
<testsuite ignored="2" hostname="PNQ1-LHP-N91337" failures="0" tests="1" name="Default test" time="41.729" errors="0" timestamp="2025-08-15T15:40:34 IST">
  <testcase classname="udemy_BasicPractice.ECom1_FormFilling" name="addDesiredProductToCart" time="26.706"/>
  <testcase classname="udemy_BasicPractice.ECom1_FormFilling" name="fillValidDataInForm" time="0.0">
    <ignored/>
  </testcase> <!-- fillValidDataInForm -->
  <testcase classname="udemy_BasicPractice.ECom1_FormFilling" name="verifyToastMessage" time="0.0">
    <ignored/>
  </testcase> <!-- verifyToastMessage -->
</testsuite> <!-- Default test -->
